2026-02-16 14:21:00.523 | INFO     | __main__:main:162 - 开始完整重新爬取...
2026-02-16 14:21:00.523 | INFO     | __main__:main:165 - 清除现有数据...
2026-02-16 14:21:00.554 | INFO     | __main__:clear_all_data:60 - 清除了所有日文卡片数据
2026-02-16 14:21:01.003 | INFO     | scrapers.jp_official:start_browser:70 - 浏览器已启动
2026-02-16 14:21:01.003 | INFO     | scrapers.jp_official:get_series_list:82 - 获取系列列表...
2026-02-16 14:21:13.526 | INFO     | scrapers.jp_official:get_series_list:120 - 共找到 49 个系列
2026-02-16 14:21:13.526 | INFO     | __main__:main:175 - 共找到 49 个系列
2026-02-16 14:21:13.526 | INFO     | __main__:main:180 - 
[1/49] 处理系列: PRB-02
2026-02-16 14:21:13.552 | INFO     | scrapers.jp_official:scrape_series:128 - 爬取系列: https://www.onepiece-cardgame.com/cardlist/?series=550302
2026-02-16 14:21:36.172 | WARNING  | scrapers.jp_official:scrape_series:143 - 等待卡片加载超时
2026-02-16 14:21:36.239 | INFO     | scrapers.jp_official:scrape_series:148 - 获取 316 条卡片记录
2026-02-16 14:21:36.239 | INFO     | scrapers.jp_official:scrape_series:166 - 系列爬取完成，共 316 张卡片
2026-02-16 14:21:36.871 | INFO     | __main__:main:215 - 系列 PRB-02: 爬取 316 条, 创建 316 个版本
2026-02-16 14:21:37.871 | INFO     | __main__:main:180 - 
[2/49] 处理系列: PRB-01
2026-02-16 14:21:37.872 | INFO     | scrapers.jp_official:scrape_series:128 - 爬取系列: https://www.onepiece-cardgame.com/cardlist/?series=550301
2026-02-16 14:22:01.206 | WARNING  | scrapers.jp_official:scrape_series:143 - 等待卡片加载超时
2026-02-16 14:22:01.270 | INFO     | scrapers.jp_official:scrape_series:148 - 获取 319 条卡片记录
2026-02-16 14:22:01.270 | INFO     | scrapers.jp_official:scrape_series:166 - 系列爬取完成，共 319 张卡片
2026-02-16 14:22:01.867 | INFO     | __main__:main:215 - 系列 PRB-01: 爬取 319 条, 创建 319 个版本
2026-02-16 14:22:02.868 | INFO     | __main__:main:180 - 
[3/49] 处理系列: EB-04
2026-02-16 14:22:02.869 | INFO     | scrapers.jp_official:scrape_series:128 - 爬取系列: https://www.onepiece-cardgame.com/cardlist/?series=550204
2026-02-16 14:22:18.719 | WARNING  | scrapers.jp_official:scrape_series:143 - 等待卡片加载超时
2026-02-16 14:22:18.738 | INFO     | scrapers.jp_official:scrape_series:148 - 获取 85 条卡片记录
2026-02-16 14:22:18.738 | INFO     | scrapers.jp_official:scrape_series:166 - 系列爬取完成，共 85 张卡片
2026-02-16 14:22:18.923 | INFO     | __main__:main:215 - 系列 EB-04: 爬取 85 条, 创建 85 个版本
2026-02-16 14:22:19.923 | INFO     | __main__:main:180 - 
[4/49] 处理系列: EB-03
2026-02-16 14:22:19.924 | INFO     | scrapers.jp_official:scrape_series:128 - 爬取系列: https://www.onepiece-cardgame.com/cardlist/?series=550203
2026-02-16 14:22:35.653 | WARNING  | scrapers.jp_official:scrape_series:143 - 等待卡片加载超时
2026-02-16 14:22:35.675 | INFO     | scrapers.jp_official:scrape_series:148 - 获取 90 条卡片记录
2026-02-16 14:22:35.675 | INFO     | scrapers.jp_official:scrape_series:166 - 系列爬取完成，共 90 张卡片
2026-02-16 14:22:35.871 | INFO     | __main__:main:215 - 系列 EB-03: 爬取 90 条, 创建 90 个版本
2026-02-16 14:22:36.871 | INFO     | __main__:main:180 - 
[5/49] 处理系列: EB-02
2026-02-16 14:22:36.872 | INFO     | scrapers.jp_official:scrape_series:128 - 爬取系列: https://www.onepiece-cardgame.com/cardlist/?series=550202
2026-02-16 14:22:52.700 | WARNING  | scrapers.jp_official:scrape_series:143 - 等待卡片加载超时
2026-02-16 14:22:52.750 | INFO     | scrapers.jp_official:scrape_series:148 - 获取 105 条卡片记录
2026-02-16 14:22:52.750 | INFO     | scrapers.jp_official:scrape_series:166 - 系列爬取完成，共 105 张卡片
2026-02-16 14:22:52.973 | INFO     | __main__:main:215 - 系列 EB-02: 爬取 105 条, 创建 105 个版本
2026-02-16 14:22:53.973 | INFO     | __main__:main:180 - 
[6/49] 处理系列: EB-01
2026-02-16 14:22:53.974 | INFO     | scrapers.jp_official:scrape_series:128 - 爬取系列: https://www.onepiece-cardgame.com/cardlist/?series=550201
2026-02-16 14:23:09.700 | WARNING  | scrapers.jp_official:scrape_series:143 - 等待卡片加载超时
2026-02-16 14:23:09.718 | INFO     | scrapers.jp_official:scrape_series:148 - 获取 80 条卡片记录
2026-02-16 14:23:09.719 | INFO     | scrapers.jp_official:scrape_series:166 - 系列爬取完成，共 80 张卡片
2026-02-16 14:23:09.885 | INFO     | __main__:main:215 - 系列 EB-01: 爬取 80 条, 创建 80 个版本
2026-02-16 14:23:10.886 | INFO     | __main__:main:180 - 
[7/49] 处理系列: OP-14
2026-02-16 14:23:10.886 | INFO     | scrapers.jp_official:scrape_series:128 - 爬取系列: https://www.onepiece-cardgame.com/cardlist/?series=550114
2026-02-16 14:23:26.716 | WARNING  | scrapers.jp_official:scrape_series:143 - 等待卡片加载超时
2026-02-16 14:23:26.749 | INFO     | scrapers.jp_official:scrape_series:148 - 获取 156 条卡片记录
2026-02-16 14:23:26.749 | INFO     | scrapers.jp_official:scrape_series:166 - 系列爬取完成，共 156 张卡片
2026-02-16 14:23:27.080 | INFO     | __main__:main:215 - 系列 OP-14: 爬取 156 条, 创建 156 个版本
2026-02-16 14:23:28.080 | INFO     | __main__:main:180 - 
[8/49] 处理系列: OP-13
2026-02-16 14:23:28.081 | INFO     | scrapers.jp_official:scrape_series:128 - 爬取系列: https://www.onepiece-cardgame.com/cardlist/?series=550113
2026-02-16 14:23:45.524 | WARNING  | scrapers.jp_official:scrape_series:143 - 等待卡片加载超时
2026-02-16 14:23:45.560 | INFO     | scrapers.jp_official:scrape_series:148 - 获取 174 条卡片记录
2026-02-16 14:23:45.560 | INFO     | scrapers.jp_official:scrape_series:166 - 系列爬取完成，共 174 张卡片
2026-02-16 14:23:45.926 | INFO     | __main__:main:215 - 系列 OP-13: 爬取 174 条, 创建 174 个版本
2026-02-16 14:23:46.926 | INFO     | __main__:main:180 - 
[9/49] 处理系列: OP-12
2026-02-16 14:23:46.927 | INFO     | scrapers.jp_official:scrape_series:128 - 爬取系列: https://www.onepiece-cardgame.com/cardlist/?series=550112
2026-02-16 14:24:04.324 | WARNING  | scrapers.jp_official:scrape_series:143 - 等待卡片加载超时
2026-02-16 14:24:04.356 | INFO     | scrapers.jp_official:scrape_series:148 - 获取 154 条卡片记录
2026-02-16 14:24:04.357 | INFO     | scrapers.jp_official:scrape_series:166 - 系列爬取完成，共 154 张卡片
2026-02-16 14:24:04.685 | INFO     | __main__:main:215 - 系列 OP-12: 爬取 154 条, 创建 154 个版本
2026-02-16 14:24:05.685 | INFO     | __main__:main:180 - 
[10/49] 处理系列: OP-11
2026-02-16 14:24:05.686 | INFO     | scrapers.jp_official:scrape_series:128 - 爬取系列: https://www.onepiece-cardgame.com/cardlist/?series=550111
2026-02-16 14:24:21.547 | WARNING  | scrapers.jp_official:scrape_series:143 - 等待卡片加载超时
2026-02-16 14:24:21.586 | INFO     | scrapers.jp_official:scrape_series:148 - 获取 155 条卡片记录
2026-02-16 14:24:21.586 | INFO     | scrapers.jp_official:scrape_series:166 - 系列爬取完成，共 155 张卡片
2026-02-16 14:24:21.924 | INFO     | __main__:main:215 - 系列 OP-11: 爬取 155 条, 创建 155 个版本
2026-02-16 14:24:22.924 | INFO     | __main__:main:180 - 
[11/49] 处理系列: OP-10
2026-02-16 14:24:22.925 | INFO     | scrapers.jp_official:scrape_series:128 - 爬取系列: https://www.onepiece-cardgame.com/cardlist/?series=550110
2026-02-16 14:24:40.356 | WARNING  | scrapers.jp_official:scrape_series:143 - 等待卡片加载超时
2026-02-16 14:24:40.388 | INFO     | scrapers.jp_official:scrape_series:148 - 获取 150 条卡片记录
2026-02-16 14:24:40.388 | INFO     | scrapers.jp_official:scrape_series:166 - 系列爬取完成，共 150 张卡片
2026-02-16 14:24:40.706 | INFO     | __main__:main:215 - 系列 OP-10: 爬取 150 条, 创建 150 个版本
2026-02-16 14:24:41.706 | INFO     | __main__:main:180 - 
[12/49] 处理系列: OP-09
2026-02-16 14:24:41.707 | INFO     | scrapers.jp_official:scrape_series:128 - 爬取系列: https://www.onepiece-cardgame.com/cardlist/?series=550109
2026-02-16 14:24:57.585 | WARNING  | scrapers.jp_official:scrape_series:143 - 等待卡片加载超时
2026-02-16 14:24:57.618 | INFO     | scrapers.jp_official:scrape_series:148 - 获取 158 条卡片记录
2026-02-16 14:24:57.618 | INFO     | scrapers.jp_official:scrape_series:166 - 系列爬取完成，共 158 张卡片
2026-02-16 14:24:57.950 | INFO     | __main__:main:215 - 系列 OP-09: 爬取 158 条, 创建 158 个版本
2026-02-16 14:24:58.950 | INFO     | __main__:main:180 - 
[13/49] 处理系列: OP-08
2026-02-16 14:24:58.951 | INFO     | scrapers.jp_official:scrape_series:128 - 爬取系列: https://www.onepiece-cardgame.com/cardlist/?series=550108
2026-02-16 14:25:16.362 | WARNING  | scrapers.jp_official:scrape_series:143 - 等待卡片加载超时
2026-02-16 14:25:16.393 | INFO     | scrapers.jp_official:scrape_series:148 - 获取 150 条卡片记录
2026-02-16 14:25:16.393 | INFO     | scrapers.jp_official:scrape_series:166 - 系列爬取完成，共 150 张卡片
2026-02-16 14:25:16.708 | INFO     | __main__:main:215 - 系列 OP-08: 爬取 150 条, 创建 150 个版本
2026-02-16 14:25:17.708 | INFO     | __main__:main:180 - 
[14/49] 处理系列: OP-07
2026-02-16 14:25:17.709 | INFO     | scrapers.jp_official:scrape_series:128 - 爬取系列: https://www.onepiece-cardgame.com/cardlist/?series=550107
2026-02-16 14:25:33.564 | WARNING  | scrapers.jp_official:scrape_series:143 - 等待卡片加载超时
2026-02-16 14:25:33.595 | INFO     | scrapers.jp_official:scrape_series:148 - 获取 150 条卡片记录
2026-02-16 14:25:33.596 | INFO     | scrapers.jp_official:scrape_series:166 - 系列爬取完成，共 150 张卡片
2026-02-16 14:25:33.907 | INFO     | __main__:main:215 - 系列 OP-07: 爬取 150 条, 创建 150 个版本
2026-02-16 14:25:34.907 | INFO     | __main__:main:180 - 
[15/49] 处理系列: OP-06
2026-02-16 14:25:34.908 | INFO     | scrapers.jp_official:scrape_series:128 - 爬取系列: https://www.onepiece-cardgame.com/cardlist/?series=550106
2026-02-16 14:25:50.756 | WARNING  | scrapers.jp_official:scrape_series:143 - 等待卡片加载超时
2026-02-16 14:25:50.788 | INFO     | scrapers.jp_official:scrape_series:148 - 获取 150 条卡片记录
2026-02-16 14:25:50.788 | INFO     | scrapers.jp_official:scrape_series:166 - 系列爬取完成，共 150 张卡片
2026-02-16 14:25:51.097 | INFO     | __main__:main:215 - 系列 OP-06: 爬取 150 条, 创建 150 个版本
2026-02-16 14:25:52.098 | INFO     | __main__:main:180 - 
[16/49] 处理系列: OP-05
2026-02-16 14:25:52.099 | INFO     | scrapers.jp_official:scrape_series:128 - 爬取系列: https://www.onepiece-cardgame.com/cardlist/?series=550105
2026-02-16 14:26:09.540 | WARNING  | scrapers.jp_official:scrape_series:143 - 等待卡片加载超时
2026-02-16 14:26:09.573 | INFO     | scrapers.jp_official:scrape_series:148 - 获取 154 条卡片记录
2026-02-16 14:26:09.573 | INFO     | scrapers.jp_official:scrape_series:166 - 系列爬取完成，共 154 张卡片
2026-02-16 14:26:09.888 | INFO     | __main__:main:215 - 系列 OP-05: 爬取 154 条, 创建 154 个版本
2026-02-16 14:26:10.888 | INFO     | __main__:main:180 - 
[17/49] 处理系列: OP-04
2026-02-16 14:26:10.889 | INFO     | scrapers.jp_official:scrape_series:128 - 爬取系列: https://www.onepiece-cardgame.com/cardlist/?series=550104
2026-02-16 14:26:26.751 | WARNING  | scrapers.jp_official:scrape_series:143 - 等待卡片加载超时
2026-02-16 14:26:26.811 | INFO     | scrapers.jp_official:scrape_series:148 - 获取 149 条卡片记录
2026-02-16 14:26:26.811 | INFO     | scrapers.jp_official:scrape_series:166 - 系列爬取完成，共 149 张卡片
2026-02-16 14:26:27.127 | INFO     | __main__:main:215 - 系列 OP-04: 爬取 149 条, 创建 149 个版本
2026-02-16 14:26:28.127 | INFO     | __main__:main:180 - 
[18/49] 处理系列: OP-03
2026-02-16 14:26:28.128 | INFO     | scrapers.jp_official:scrape_series:128 - 爬取系列: https://www.onepiece-cardgame.com/cardlist/?series=550103
2026-02-16 14:26:45.585 | WARNING  | scrapers.jp_official:scrape_series:143 - 等待卡片加载超时
2026-02-16 14:26:45.618 | INFO     | scrapers.jp_official:scrape_series:148 - 获取 154 条卡片记录
2026-02-16 14:26:45.618 | INFO     | scrapers.jp_official:scrape_series:166 - 系列爬取完成，共 154 张卡片
2026-02-16 14:26:45.944 | INFO     | __main__:main:215 - 系列 OP-03: 爬取 154 条, 创建 154 个版本
2026-02-16 14:26:46.944 | INFO     | __main__:main:180 - 
[19/49] 处理系列: OP-02
2026-02-16 14:26:46.945 | INFO     | scrapers.jp_official:scrape_series:128 - 爬取系列: https://www.onepiece-cardgame.com/cardlist/?series=550102
2026-02-16 14:27:02.789 | WARNING  | scrapers.jp_official:scrape_series:143 - 等待卡片加载超时
2026-02-16 14:27:02.820 | INFO     | scrapers.jp_official:scrape_series:148 - 获取 154 条卡片记录
2026-02-16 14:27:02.820 | INFO     | scrapers.jp_official:scrape_series:166 - 系列爬取完成，共 154 张卡片
2026-02-16 14:27:03.147 | INFO     | __main__:main:215 - 系列 OP-02: 爬取 154 条, 创建 154 个版本
2026-02-16 14:27:04.147 | INFO     | __main__:main:180 - 
[20/49] 处理系列: OP-01
2026-02-16 14:27:04.148 | INFO     | scrapers.jp_official:scrape_series:128 - 爬取系列: https://www.onepiece-cardgame.com/cardlist/?series=550101
2026-02-16 14:27:21.590 | WARNING  | scrapers.jp_official:scrape_series:143 - 等待卡片加载超时
2026-02-16 14:27:21.627 | INFO     | scrapers.jp_official:scrape_series:148 - 获取 154 条卡片记录
2026-02-16 14:27:21.628 | INFO     | scrapers.jp_official:scrape_series:166 - 系列爬取完成，共 154 张卡片
2026-02-16 14:27:21.947 | INFO     | __main__:main:215 - 系列 OP-01: 爬取 154 条, 创建 154 个版本
2026-02-16 14:27:22.947 | INFO     | __main__:main:180 - 
[21/49] 处理系列: ST-29
2026-02-16 14:27:22.948 | INFO     | scrapers.jp_official:scrape_series:128 - 爬取系列: https://www.onepiece-cardgame.com/cardlist/?series=550029
2026-02-16 14:27:38.764 | WARNING  | scrapers.jp_official:scrape_series:143 - 等待卡片加载超时
2026-02-16 14:27:38.774 | INFO     | scrapers.jp_official:scrape_series:148 - 获取 31 条卡片记录
2026-02-16 14:27:38.774 | INFO     | scrapers.jp_official:scrape_series:166 - 系列爬取完成，共 31 张卡片
2026-02-16 14:27:38.841 | INFO     | __main__:main:215 - 系列 ST-29: 爬取 31 条, 创建 31 个版本
2026-02-16 14:27:39.842 | INFO     | __main__:main:180 - 
[22/49] 处理系列: ST-28
2026-02-16 14:27:39.842 | INFO     | scrapers.jp_official:scrape_series:128 - 爬取系列: https://www.onepiece-cardgame.com/cardlist/?series=550028
2026-02-16 14:27:55.675 | WARNING  | scrapers.jp_official:scrape_series:143 - 等待卡片加载超时
2026-02-16 14:27:55.682 | INFO     | scrapers.jp_official:scrape_series:148 - 获取 15 条卡片记录
2026-02-16 14:27:55.683 | INFO     | scrapers.jp_official:scrape_series:166 - 系列爬取完成，共 15 张卡片
2026-02-16 14:27:55.718 | INFO     | __main__:main:215 - 系列 ST-28: 爬取 15 条, 创建 15 个版本
2026-02-16 14:27:56.718 | INFO     | __main__:main:180 - 
[23/49] 处理系列: ST-27
2026-02-16 14:27:56.719 | INFO     | scrapers.jp_official:scrape_series:128 - 爬取系列: https://www.onepiece-cardgame.com/cardlist/?series=550027
2026-02-16 14:28:12.431 | WARNING  | scrapers.jp_official:scrape_series:143 - 等待卡片加载超时
2026-02-16 14:28:12.437 | INFO     | scrapers.jp_official:scrape_series:148 - 获取 15 条卡片记录
2026-02-16 14:28:12.437 | INFO     | scrapers.jp_official:scrape_series:166 - 系列爬取完成，共 15 张卡片
2026-02-16 14:28:12.473 | INFO     | __main__:main:215 - 系列 ST-27: 爬取 15 条, 创建 15 个版本
2026-02-16 14:28:13.473 | INFO     | __main__:main:180 - 
[24/49] 处理系列: ST-26
2026-02-16 14:28:13.474 | INFO     | scrapers.jp_official:scrape_series:128 - 爬取系列: https://www.onepiece-cardgame.com/cardlist/?series=550026
2026-02-16 14:28:29.300 | WARNING  | scrapers.jp_official:scrape_series:143 - 等待卡片加载超时
2026-02-16 14:28:29.306 | INFO     | scrapers.jp_official:scrape_series:148 - 获取 15 条卡片记录
2026-02-16 14:28:29.306 | INFO     | scrapers.jp_official:scrape_series:166 - 系列爬取完成，共 15 张卡片
2026-02-16 14:28:29.342 | INFO     | __main__:main:215 - 系列 ST-26: 爬取 15 条, 创建 15 个版本
2026-02-16 14:28:30.342 | INFO     | __main__:main:180 - 
[25/49] 处理系列: ST-25
2026-02-16 14:28:30.343 | INFO     | scrapers.jp_official:scrape_series:128 - 爬取系列: https://www.onepiece-cardgame.com/cardlist/?series=550025
2026-02-16 14:28:46.175 | WARNING  | scrapers.jp_official:scrape_series:143 - 等待卡片加载超时
2026-02-16 14:28:46.181 | INFO     | scrapers.jp_official:scrape_series:148 - 获取 15 条卡片记录
2026-02-16 14:28:46.181 | INFO     | scrapers.jp_official:scrape_series:166 - 系列爬取完成，共 15 张卡片
2026-02-16 14:28:46.217 | INFO     | __main__:main:215 - 系列 ST-25: 爬取 15 条, 创建 15 个版本
2026-02-16 14:28:47.217 | INFO     | __main__:main:180 - 
[26/49] 处理系列: ST-24
2026-02-16 14:28:47.218 | INFO     | scrapers.jp_official:scrape_series:128 - 爬取系列: https://www.onepiece-cardgame.com/cardlist/?series=550024
2026-02-16 14:29:04.589 | WARNING  | scrapers.jp_official:scrape_series:143 - 等待卡片加载超时
2026-02-16 14:29:04.596 | INFO     | scrapers.jp_official:scrape_series:148 - 获取 15 条卡片记录
2026-02-16 14:29:04.596 | INFO     | scrapers.jp_official:scrape_series:166 - 系列爬取完成，共 15 张卡片
2026-02-16 14:29:04.631 | INFO     | __main__:main:215 - 系列 ST-24: 爬取 15 条, 创建 15 个版本
2026-02-16 14:29:05.631 | INFO     | __main__:main:180 - 
[27/49] 处理系列: ST-23
2026-02-16 14:29:05.632 | INFO     | scrapers.jp_official:scrape_series:128 - 爬取系列: https://www.onepiece-cardgame.com/cardlist/?series=550023
2026-02-16 14:29:21.457 | WARNING  | scrapers.jp_official:scrape_series:143 - 等待卡片加载超时
2026-02-16 14:29:21.464 | INFO     | scrapers.jp_official:scrape_series:148 - 获取 15 条卡片记录
2026-02-16 14:29:21.464 | INFO     | scrapers.jp_official:scrape_series:166 - 系列爬取完成，共 15 张卡片
2026-02-16 14:29:21.499 | INFO     | __main__:main:215 - 系列 ST-23: 爬取 15 条, 创建 15 个版本
2026-02-16 14:29:22.499 | INFO     | __main__:main:180 - 
[28/49] 处理系列: ST-22
2026-02-16 14:29:22.500 | INFO     | scrapers.jp_official:scrape_series:128 - 爬取系列: https://www.onepiece-cardgame.com/cardlist/?series=550022
2026-02-16 14:29:38.332 | WARNING  | scrapers.jp_official:scrape_series:143 - 等待卡片加载超时
2026-02-16 14:29:38.342 | INFO     | scrapers.jp_official:scrape_series:148 - 获取 31 条卡片记录
2026-02-16 14:29:38.342 | INFO     | scrapers.jp_official:scrape_series:166 - 系列爬取完成，共 31 张卡片
2026-02-16 14:29:38.408 | INFO     | __main__:main:215 - 系列 ST-22: 爬取 31 条, 创建 31 个版本
2026-02-16 14:29:39.408 | INFO     | __main__:main:180 - 
[29/49] 处理系列: ST-21
2026-02-16 14:29:39.409 | INFO     | scrapers.jp_official:scrape_series:128 - 爬取系列: https://www.onepiece-cardgame.com/cardlist/?series=550021
2026-02-16 14:29:55.238 | WARNING  | scrapers.jp_official:scrape_series:143 - 等待卡片加载超时
2026-02-16 14:29:55.248 | INFO     | scrapers.jp_official:scrape_series:148 - 获取 32 条卡片记录
2026-02-16 14:29:55.248 | INFO     | scrapers.jp_official:scrape_series:166 - 系列爬取完成，共 32 张卡片
2026-02-16 14:29:55.317 | INFO     | __main__:main:215 - 系列 ST-21: 爬取 32 条, 创建 32 个版本
2026-02-16 14:29:56.317 | INFO     | __main__:main:180 - 
[30/49] 处理系列: ST-20
2026-02-16 14:29:56.318 | INFO     | scrapers.jp_official:scrape_series:128 - 爬取系列: https://www.onepiece-cardgame.com/cardlist/?series=550020
2026-02-16 14:30:12.156 | WARNING  | scrapers.jp_official:scrape_series:143 - 等待卡片加载超时
2026-02-16 14:30:12.163 | INFO     | scrapers.jp_official:scrape_series:148 - 获取 15 条卡片记录
2026-02-16 14:30:12.163 | INFO     | scrapers.jp_official:scrape_series:166 - 系列爬取完成，共 15 张卡片
2026-02-16 14:30:12.198 | INFO     | __main__:main:215 - 系列 ST-20: 爬取 15 条, 创建 15 个版本
2026-02-16 14:30:13.198 | INFO     | __main__:main:180 - 
[31/49] 处理系列: ST-19
2026-02-16 14:30:13.199 | INFO     | scrapers.jp_official:scrape_series:128 - 爬取系列: https://www.onepiece-cardgame.com/cardlist/?series=550019
2026-02-16 14:30:28.914 | WARNING  | scrapers.jp_official:scrape_series:143 - 等待卡片加载超时
2026-02-16 14:30:28.921 | INFO     | scrapers.jp_official:scrape_series:148 - 获取 15 条卡片记录
2026-02-16 14:30:28.921 | INFO     | scrapers.jp_official:scrape_series:166 - 系列爬取完成，共 15 张卡片
2026-02-16 14:30:28.956 | INFO     | __main__:main:215 - 系列 ST-19: 爬取 15 条, 创建 15 个版本
2026-02-16 14:30:29.956 | INFO     | __main__:main:180 - 
[32/49] 处理系列: ST-18
2026-02-16 14:30:29.957 | INFO     | scrapers.jp_official:scrape_series:128 - 爬取系列: https://www.onepiece-cardgame.com/cardlist/?series=550018
2026-02-16 14:30:45.795 | WARNING  | scrapers.jp_official:scrape_series:143 - 等待卡片加载超时
2026-02-16 14:30:45.801 | INFO     | scrapers.jp_official:scrape_series:148 - 获取 15 条卡片记录
2026-02-16 14:30:45.802 | INFO     | scrapers.jp_official:scrape_series:166 - 系列爬取完成，共 15 张卡片
2026-02-16 14:30:45.835 | INFO     | __main__:main:215 - 系列 ST-18: 爬取 15 条, 创建 15 个版本
2026-02-16 14:30:46.836 | INFO     | __main__:main:180 - 
[33/49] 处理系列: ST-17
2026-02-16 14:30:46.836 | INFO     | scrapers.jp_official:scrape_series:128 - 爬取系列: https://www.onepiece-cardgame.com/cardlist/?series=550017
2026-02-16 14:31:02.660 | WARNING  | scrapers.jp_official:scrape_series:143 - 等待卡片加载超时
2026-02-16 14:31:02.667 | INFO     | scrapers.jp_official:scrape_series:148 - 获取 15 条卡片记录
2026-02-16 14:31:02.667 | INFO     | scrapers.jp_official:scrape_series:166 - 系列爬取完成，共 15 张卡片
2026-02-16 14:31:02.702 | INFO     | __main__:main:215 - 系列 ST-17: 爬取 15 条, 创建 15 个版本
2026-02-16 14:31:03.702 | INFO     | __main__:main:180 - 
[34/49] 处理系列: ST-16
2026-02-16 14:31:03.703 | INFO     | scrapers.jp_official:scrape_series:128 - 爬取系列: https://www.onepiece-cardgame.com/cardlist/?series=550016
2026-02-16 14:31:19.537 | WARNING  | scrapers.jp_official:scrape_series:143 - 等待卡片加载超时
2026-02-16 14:31:19.544 | INFO     | scrapers.jp_official:scrape_series:148 - 获取 15 条卡片记录
2026-02-16 14:31:19.544 | INFO     | scrapers.jp_official:scrape_series:166 - 系列爬取完成，共 15 张卡片
2026-02-16 14:31:19.582 | INFO     | __main__:main:215 - 系列 ST-16: 爬取 15 条, 创建 15 个版本
2026-02-16 14:31:20.582 | INFO     | __main__:main:180 - 
[35/49] 处理系列: ST-15
2026-02-16 14:31:20.583 | INFO     | scrapers.jp_official:scrape_series:128 - 爬取系列: https://www.onepiece-cardgame.com/cardlist/?series=550015
2026-02-16 14:31:36.412 | WARNING  | scrapers.jp_official:scrape_series:143 - 等待卡片加载超时
2026-02-16 14:31:36.419 | INFO     | scrapers.jp_official:scrape_series:148 - 获取 15 条卡片记录
2026-02-16 14:31:36.419 | INFO     | scrapers.jp_official:scrape_series:166 - 系列爬取完成，共 15 张卡片
2026-02-16 14:31:36.454 | INFO     | __main__:main:215 - 系列 ST-15: 爬取 15 条, 创建 15 个版本
2026-02-16 14:31:37.454 | INFO     | __main__:main:180 - 
[36/49] 处理系列: ST-14
2026-02-16 14:31:37.455 | INFO     | scrapers.jp_official:scrape_series:128 - 爬取系列: https://www.onepiece-cardgame.com/cardlist/?series=550014
2026-02-16 14:31:53.293 | WARNING  | scrapers.jp_official:scrape_series:143 - 等待卡片加载超时
2026-02-16 14:31:53.300 | INFO     | scrapers.jp_official:scrape_series:148 - 获取 17 条卡片记录
2026-02-16 14:31:53.300 | INFO     | scrapers.jp_official:scrape_series:166 - 系列爬取完成，共 17 张卡片
2026-02-16 14:31:53.340 | INFO     | __main__:main:215 - 系列 ST-14: 爬取 17 条, 创建 17 个版本
2026-02-16 14:31:54.341 | INFO     | __main__:main:180 - 
[37/49] 处理系列: ST-13
2026-02-16 14:31:54.341 | INFO     | scrapers.jp_official:scrape_series:128 - 爬取系列: https://www.onepiece-cardgame.com/cardlist/?series=550013
2026-02-16 14:32:10.061 | WARNING  | scrapers.jp_official:scrape_series:143 - 等待卡片加载超时
2026-02-16 14:32:10.071 | INFO     | scrapers.jp_official:scrape_series:148 - 获取 35 条卡片记录
2026-02-16 14:32:10.071 | INFO     | scrapers.jp_official:scrape_series:166 - 系列爬取完成，共 35 张卡片
2026-02-16 14:32:10.145 | INFO     | __main__:main:215 - 系列 ST-13: 爬取 35 条, 创建 35 个版本
2026-02-16 14:32:11.145 | INFO     | __main__:main:180 - 
[38/49] 处理系列: ST-12
2026-02-16 14:32:11.146 | INFO     | scrapers.jp_official:scrape_series:128 - 爬取系列: https://www.onepiece-cardgame.com/cardlist/?series=550012
2026-02-16 14:32:26.992 | WARNING  | scrapers.jp_official:scrape_series:143 - 等待卡片加载超时
2026-02-16 14:32:27.000 | INFO     | scrapers.jp_official:scrape_series:148 - 获取 17 条卡片记录
2026-02-16 14:32:27.000 | INFO     | scrapers.jp_official:scrape_series:166 - 系列爬取完成，共 17 张卡片
2026-02-16 14:32:27.042 | INFO     | __main__:main:215 - 系列 ST-12: 爬取 17 条, 创建 17 个版本
2026-02-16 14:32:28.043 | INFO     | __main__:main:180 - 
[39/49] 处理系列: ST-11
2026-02-16 14:32:28.044 | INFO     | scrapers.jp_official:scrape_series:128 - 爬取系列: https://www.onepiece-cardgame.com/cardlist/?series=550011
2026-02-16 14:32:43.756 | WARNING  | scrapers.jp_official:scrape_series:143 - 等待卡片加载超时
2026-02-16 14:32:43.764 | INFO     | scrapers.jp_official:scrape_series:148 - 获取 15 条卡片记录
2026-02-16 14:32:43.764 | INFO     | scrapers.jp_official:scrape_series:166 - 系列爬取完成，共 15 张卡片
2026-02-16 14:32:43.799 | INFO     | __main__:main:215 - 系列 ST-11: 爬取 15 条, 创建 15 个版本
2026-02-16 14:32:44.799 | INFO     | __main__:main:180 - 
[40/49] 处理系列: ST-10
2026-02-16 14:32:44.800 | INFO     | scrapers.jp_official:scrape_series:128 - 爬取系列: https://www.onepiece-cardgame.com/cardlist/?series=550010
2026-02-16 14:33:00.634 | WARNING  | scrapers.jp_official:scrape_series:143 - 等待卡片加载超时
2026-02-16 14:33:00.641 | INFO     | scrapers.jp_official:scrape_series:148 - 获取 19 条卡片记录
2026-02-16 14:33:00.641 | INFO     | scrapers.jp_official:scrape_series:166 - 系列爬取完成，共 19 张卡片
2026-02-16 14:33:00.687 | INFO     | __main__:main:215 - 系列 ST-10: 爬取 19 条, 创建 19 个版本
2026-02-16 14:33:01.687 | INFO     | __main__:main:180 - 
[41/49] 处理系列: ST-09
2026-02-16 14:33:01.688 | INFO     | scrapers.jp_official:scrape_series:128 - 爬取系列: https://www.onepiece-cardgame.com/cardlist/?series=550009
2026-02-16 14:33:17.401 | WARNING  | scrapers.jp_official:scrape_series:143 - 等待卡片加载超时
2026-02-16 14:33:17.408 | INFO     | scrapers.jp_official:scrape_series:148 - 获取 15 条卡片记录
2026-02-16 14:33:17.408 | INFO     | scrapers.jp_official:scrape_series:166 - 系列爬取完成，共 15 张卡片
2026-02-16 14:33:17.447 | INFO     | __main__:main:215 - 系列 ST-09: 爬取 15 条, 创建 15 个版本
2026-02-16 14:33:18.447 | INFO     | __main__:main:180 - 
[42/49] 处理系列: ST-08
2026-02-16 14:33:18.448 | INFO     | scrapers.jp_official:scrape_series:128 - 爬取系列: https://www.onepiece-cardgame.com/cardlist/?series=550008
2026-02-16 14:33:34.272 | WARNING  | scrapers.jp_official:scrape_series:143 - 等待卡片加载超时
2026-02-16 14:33:34.279 | INFO     | scrapers.jp_official:scrape_series:148 - 获取 15 条卡片记录
2026-02-16 14:33:34.279 | INFO     | scrapers.jp_official:scrape_series:166 - 系列爬取完成，共 15 张卡片
2026-02-16 14:33:34.317 | INFO     | __main__:main:215 - 系列 ST-08: 爬取 15 条, 创建 15 个版本
2026-02-16 14:33:35.317 | INFO     | __main__:main:180 - 
[43/49] 处理系列: ST-07
2026-02-16 14:33:35.318 | INFO     | scrapers.jp_official:scrape_series:128 - 爬取系列: https://www.onepiece-cardgame.com/cardlist/?series=550007
2026-02-16 14:33:51.139 | WARNING  | scrapers.jp_official:scrape_series:143 - 等待卡片加载超时
2026-02-16 14:33:51.146 | INFO     | scrapers.jp_official:scrape_series:148 - 获取 17 条卡片记录
2026-02-16 14:33:51.146 | INFO     | scrapers.jp_official:scrape_series:166 - 系列爬取完成，共 17 张卡片
2026-02-16 14:33:51.190 | INFO     | __main__:main:215 - 系列 ST-07: 爬取 17 条, 创建 17 个版本
2026-02-16 14:33:52.190 | INFO     | __main__:main:180 - 
[44/49] 处理系列: ST-06
2026-02-16 14:33:52.191 | INFO     | scrapers.jp_official:scrape_series:128 - 爬取系列: https://www.onepiece-cardgame.com/cardlist/?series=550006
2026-02-16 14:34:07.906 | WARNING  | scrapers.jp_official:scrape_series:143 - 等待卡片加载超时
2026-02-16 14:34:07.912 | INFO     | scrapers.jp_official:scrape_series:148 - 获取 17 条卡片记录
2026-02-16 14:34:07.912 | INFO     | scrapers.jp_official:scrape_series:166 - 系列爬取完成，共 17 张卡片
2026-02-16 14:34:07.955 | INFO     | __main__:main:215 - 系列 ST-06: 爬取 17 条, 创建 17 个版本
2026-02-16 14:34:08.955 | INFO     | __main__:main:180 - 
[45/49] 处理系列: ST-05
2026-02-16 14:34:08.956 | INFO     | scrapers.jp_official:scrape_series:128 - 爬取系列: https://www.onepiece-cardgame.com/cardlist/?series=550005
2026-02-16 14:34:24.667 | WARNING  | scrapers.jp_official:scrape_series:143 - 等待卡片加载超时
2026-02-16 14:34:24.674 | INFO     | scrapers.jp_official:scrape_series:148 - 获取 17 条卡片记录
2026-02-16 14:34:24.674 | INFO     | scrapers.jp_official:scrape_series:166 - 系列爬取完成，共 17 张卡片
2026-02-16 14:34:24.718 | INFO     | __main__:main:215 - 系列 ST-05: 爬取 17 条, 创建 17 个版本
2026-02-16 14:34:25.718 | INFO     | __main__:main:180 - 
[46/49] 处理系列: ST-04
2026-02-16 14:34:25.719 | INFO     | scrapers.jp_official:scrape_series:128 - 爬取系列: https://www.onepiece-cardgame.com/cardlist/?series=550004
2026-02-16 14:34:41.442 | WARNING  | scrapers.jp_official:scrape_series:143 - 等待卡片加载超时
2026-02-16 14:34:41.449 | INFO     | scrapers.jp_official:scrape_series:148 - 获取 17 条卡片记录
2026-02-16 14:34:41.449 | INFO     | scrapers.jp_official:scrape_series:166 - 系列爬取完成，共 17 张卡片
2026-02-16 14:34:41.492 | INFO     | __main__:main:215 - 系列 ST-04: 爬取 17 条, 创建 17 个版本
2026-02-16 14:34:42.492 | INFO     | __main__:main:180 - 
[47/49] 处理系列: ST-03
2026-02-16 14:34:42.493 | INFO     | scrapers.jp_official:scrape_series:128 - 爬取系列: https://www.onepiece-cardgame.com/cardlist/?series=550003
2026-02-16 14:34:58.315 | WARNING  | scrapers.jp_official:scrape_series:143 - 等待卡片加载超时
2026-02-16 14:34:58.322 | INFO     | scrapers.jp_official:scrape_series:148 - 获取 17 条卡片记录
2026-02-16 14:34:58.323 | INFO     | scrapers.jp_official:scrape_series:166 - 系列爬取完成，共 17 张卡片
2026-02-16 14:34:58.364 | INFO     | __main__:main:215 - 系列 ST-03: 爬取 17 条, 创建 17 个版本
2026-02-16 14:34:59.364 | INFO     | __main__:main:180 - 
[48/49] 处理系列: ST-02
2026-02-16 14:34:59.365 | INFO     | scrapers.jp_official:scrape_series:128 - 爬取系列: https://www.onepiece-cardgame.com/cardlist/?series=550002
2026-02-16 14:35:15.083 | WARNING  | scrapers.jp_official:scrape_series:143 - 等待卡片加载超时
2026-02-16 14:35:15.090 | INFO     | scrapers.jp_official:scrape_series:148 - 获取 17 条卡片记录
2026-02-16 14:35:15.090 | INFO     | scrapers.jp_official:scrape_series:166 - 系列爬取完成，共 17 张卡片
2026-02-16 14:35:15.132 | INFO     | __main__:main:215 - 系列 ST-02: 爬取 17 条, 创建 17 个版本
2026-02-16 14:35:16.133 | INFO     | __main__:main:180 - 
[49/49] 处理系列: ST-01
2026-02-16 14:35:16.133 | INFO     | scrapers.jp_official:scrape_series:128 - 爬取系列: https://www.onepiece-cardgame.com/cardlist/?series=550001
2026-02-16 14:35:31.959 | WARNING  | scrapers.jp_official:scrape_series:143 - 等待卡片加载超时
2026-02-16 14:35:31.968 | INFO     | scrapers.jp_official:scrape_series:148 - 获取 17 条卡片记录
2026-02-16 14:35:31.968 | INFO     | scrapers.jp_official:scrape_series:166 - 系列爬取完成，共 17 张卡片
2026-02-16 14:35:32.010 | INFO     | __main__:main:215 - 系列 ST-01: 爬取 17 条, 创建 17 个版本
2026-02-16 14:35:33.011 | INFO     | __main__:main:227 - 
============================================================
2026-02-16 14:35:33.011 | INFO     | __main__:main:228 - 爬取完成！
2026-02-16 14:35:33.016 | INFO     | __main__:main:234 - 日文卡片: 2302
2026-02-16 14:35:33.016 | INFO     | __main__:main:235 - 日文版本: 3683
2026-02-16 14:35:33.016 | INFO     | __main__:main:236 - 卡片-系列关联: 2776
2026-02-16 14:35:33.057 | INFO     | scrapers.jp_official:close_browser:78 - 浏览器已关闭
