2026-02-16 13:18:20.775 | INFO     | __main__:rescrape_all_jp:123 - 清除现有 card_series 关联...
2026-02-16 13:18:20.779 | INFO     | __main__:clear_card_series_links:31 - 清除了 3410 条 card_series 关联
2026-02-16 13:18:21.218 | INFO     | scrapers.jp_official:start_browser:70 - 浏览器已启动
2026-02-16 13:18:21.218 | INFO     | scrapers.jp_official:get_series_list:82 - 获取系列列表...
2026-02-16 13:18:44.540 | INFO     | scrapers.jp_official:get_series_list:120 - 共找到 49 个系列
2026-02-16 13:18:44.540 | INFO     | __main__:rescrape_all_jp:133 - 共找到 49 个系列
2026-02-16 13:18:44.540 | INFO     | __main__:rescrape_all_jp:138 - 
[1/49] 处理系列: PRB-02
2026-02-16 13:18:44.566 | INFO     | scrapers.jp_official:scrape_series:128 - 爬取系列: https://www.onepiece-cardgame.com/cardlist/?series=550302
2026-02-16 13:19:02.877 | WARNING  | scrapers.jp_official:scrape_series:143 - 等待卡片加载超时
2026-02-16 13:19:02.940 | INFO     | scrapers.jp_official:scrape_series:148 - 获取 316 条卡片记录
2026-02-16 13:19:02.940 | INFO     | scrapers.jp_official:scrape_series:166 - 系列爬取完成，共 316 张卡片
2026-02-16 13:19:03.275 | INFO     | __main__:rescrape_all_jp:178 - 系列 PRB-02: 爬取 316 张, 关联 173 条
2026-02-16 13:19:04.275 | INFO     | __main__:rescrape_all_jp:138 - 
[2/49] 处理系列: PRB-01
2026-02-16 13:19:04.276 | INFO     | scrapers.jp_official:scrape_series:128 - 爬取系列: https://www.onepiece-cardgame.com/cardlist/?series=550301
2026-02-16 13:19:20.143 | WARNING  | scrapers.jp_official:scrape_series:143 - 等待卡片加载超时
2026-02-16 13:19:20.199 | INFO     | scrapers.jp_official:scrape_series:148 - 获取 319 条卡片记录
2026-02-16 13:19:20.199 | INFO     | scrapers.jp_official:scrape_series:166 - 系列爬取完成，共 319 张卡片
2026-02-16 13:19:20.520 | INFO     | __main__:rescrape_all_jp:178 - 系列 PRB-01: 爬取 319 张, 关联 111 条
2026-02-16 13:19:21.520 | INFO     | __main__:rescrape_all_jp:138 - 
[3/49] 处理系列: EB-04
2026-02-16 13:19:21.521 | INFO     | scrapers.jp_official:scrape_series:128 - 爬取系列: https://www.onepiece-cardgame.com/cardlist/?series=550204
2026-02-16 13:19:37.354 | WARNING  | scrapers.jp_official:scrape_series:143 - 等待卡片加载超时
2026-02-16 13:19:37.374 | INFO     | scrapers.jp_official:scrape_series:148 - 获取 85 条卡片记录
2026-02-16 13:19:37.374 | INFO     | scrapers.jp_official:scrape_series:166 - 系列爬取完成，共 85 张卡片
2026-02-16 13:19:37.469 | INFO     | __main__:rescrape_all_jp:178 - 系列 EB-04: 爬取 85 张, 关联 65 条
2026-02-16 13:19:38.470 | INFO     | __main__:rescrape_all_jp:138 - 
[4/49] 处理系列: EB-03
2026-02-16 13:19:38.470 | INFO     | scrapers.jp_official:scrape_series:128 - 爬取系列: https://www.onepiece-cardgame.com/cardlist/?series=550203
2026-02-16 13:19:54.200 | WARNING  | scrapers.jp_official:scrape_series:143 - 等待卡片加载超时
2026-02-16 13:19:54.222 | INFO     | scrapers.jp_official:scrape_series:148 - 获取 90 条卡片记录
2026-02-16 13:19:54.222 | INFO     | scrapers.jp_official:scrape_series:166 - 系列爬取完成，共 90 张卡片
2026-02-16 13:19:54.322 | INFO     | __main__:rescrape_all_jp:178 - 系列 EB-03: 爬取 90 张, 关联 62 条
2026-02-16 13:19:55.322 | INFO     | __main__:rescrape_all_jp:138 - 
[5/49] 处理系列: EB-02
2026-02-16 13:19:55.323 | INFO     | scrapers.jp_official:scrape_series:128 - 爬取系列: https://www.onepiece-cardgame.com/cardlist/?series=550202
2026-02-16 13:20:11.151 | WARNING  | scrapers.jp_official:scrape_series:143 - 等待卡片加载超时
2026-02-16 13:20:11.177 | INFO     | scrapers.jp_official:scrape_series:148 - 获取 105 条卡片记录
2026-02-16 13:20:11.177 | INFO     | scrapers.jp_official:scrape_series:166 - 系列爬取完成，共 105 张卡片
2026-02-16 13:20:11.320 | INFO     | __main__:rescrape_all_jp:178 - 系列 EB-02: 爬取 105 张, 关联 87 条
2026-02-16 13:20:12.320 | INFO     | __main__:rescrape_all_jp:138 - 
[6/49] 处理系列: EB-01
2026-02-16 13:20:12.321 | INFO     | scrapers.jp_official:scrape_series:128 - 爬取系列: https://www.onepiece-cardgame.com/cardlist/?series=550201
2026-02-16 13:20:28.047 | WARNING  | scrapers.jp_official:scrape_series:143 - 等待卡片加载超时
2026-02-16 13:20:28.066 | INFO     | scrapers.jp_official:scrape_series:148 - 获取 80 条卡片记录
2026-02-16 13:20:28.066 | INFO     | scrapers.jp_official:scrape_series:166 - 系列爬取完成，共 80 张卡片
2026-02-16 13:20:28.155 | INFO     | __main__:rescrape_all_jp:178 - 系列 EB-01: 爬取 80 张, 关联 61 条
2026-02-16 13:20:29.155 | INFO     | __main__:rescrape_all_jp:138 - 
[7/49] 处理系列: OP-14
2026-02-16 13:20:29.156 | INFO     | scrapers.jp_official:scrape_series:128 - 爬取系列: https://www.onepiece-cardgame.com/cardlist/?series=550114
2026-02-16 13:20:46.674 | WARNING  | scrapers.jp_official:scrape_series:143 - 等待卡片加载超时
2026-02-16 13:20:46.708 | INFO     | scrapers.jp_official:scrape_series:148 - 获取 156 条卡片记录
2026-02-16 13:20:46.708 | INFO     | scrapers.jp_official:scrape_series:166 - 系列爬取完成，共 156 张卡片
2026-02-16 13:20:46.883 | INFO     | __main__:rescrape_all_jp:178 - 系列 OP-14: 爬取 156 张, 关联 126 条
2026-02-16 13:20:47.883 | INFO     | __main__:rescrape_all_jp:138 - 
[8/49] 处理系列: OP-13
2026-02-16 13:20:47.884 | INFO     | scrapers.jp_official:scrape_series:128 - 爬取系列: https://www.onepiece-cardgame.com/cardlist/?series=550113
2026-02-16 13:21:03.740 | WARNING  | scrapers.jp_official:scrape_series:143 - 等待卡片加载超时
2026-02-16 13:21:03.784 | INFO     | scrapers.jp_official:scrape_series:148 - 获取 174 条卡片记录
2026-02-16 13:21:03.784 | INFO     | scrapers.jp_official:scrape_series:166 - 系列爬取完成，共 174 张卡片
2026-02-16 13:21:03.975 | INFO     | __main__:rescrape_all_jp:178 - 系列 OP-13: 爬取 174 张, 关联 128 条
2026-02-16 13:21:04.976 | INFO     | __main__:rescrape_all_jp:138 - 
[9/49] 处理系列: OP-12
2026-02-16 13:21:04.977 | INFO     | scrapers.jp_official:scrape_series:128 - 爬取系列: https://www.onepiece-cardgame.com/cardlist/?series=550112
2026-02-16 13:21:22.446 | WARNING  | scrapers.jp_official:scrape_series:143 - 等待卡片加载超时
2026-02-16 13:21:22.480 | INFO     | scrapers.jp_official:scrape_series:148 - 获取 154 条卡片记录
2026-02-16 13:21:22.480 | INFO     | scrapers.jp_official:scrape_series:166 - 系列爬取完成，共 154 张卡片
2026-02-16 13:21:22.652 | INFO     | __main__:rescrape_all_jp:178 - 系列 OP-12: 爬取 154 张, 关联 126 条
2026-02-16 13:21:23.652 | INFO     | __main__:rescrape_all_jp:138 - 
[10/49] 处理系列: OP-11
2026-02-16 13:21:23.653 | INFO     | scrapers.jp_official:scrape_series:128 - 爬取系列: https://www.onepiece-cardgame.com/cardlist/?series=550111
2026-02-16 13:21:39.501 | WARNING  | scrapers.jp_official:scrape_series:143 - 等待卡片加载超时
2026-02-16 13:21:39.533 | INFO     | scrapers.jp_official:scrape_series:148 - 获取 155 条卡片记录
2026-02-16 13:21:39.533 | INFO     | scrapers.jp_official:scrape_series:166 - 系列爬取完成，共 155 张卡片
2026-02-16 13:21:39.703 | INFO     | __main__:rescrape_all_jp:178 - 系列 OP-11: 爬取 155 张, 关联 126 条
2026-02-16 13:21:40.703 | INFO     | __main__:rescrape_all_jp:138 - 
[11/49] 处理系列: OP-10
2026-02-16 13:21:40.704 | INFO     | scrapers.jp_official:scrape_series:128 - 爬取系列: https://www.onepiece-cardgame.com/cardlist/?series=550110
2026-02-16 13:21:58.221 | WARNING  | scrapers.jp_official:scrape_series:143 - 等待卡片加载超时
2026-02-16 13:21:58.254 | INFO     | scrapers.jp_official:scrape_series:148 - 获取 150 条卡片记录
2026-02-16 13:21:58.255 | INFO     | scrapers.jp_official:scrape_series:166 - 系列爬取完成，共 150 张卡片
2026-02-16 13:21:58.422 | INFO     | __main__:rescrape_all_jp:178 - 系列 OP-10: 爬取 150 张, 关联 125 条
2026-02-16 13:21:59.422 | INFO     | __main__:rescrape_all_jp:138 - 
[12/49] 处理系列: OP-09
2026-02-16 13:21:59.423 | INFO     | scrapers.jp_official:scrape_series:128 - 爬取系列: https://www.onepiece-cardgame.com/cardlist/?series=550109
2026-02-16 13:22:16.870 | WARNING  | scrapers.jp_official:scrape_series:143 - 等待卡片加载超时
2026-02-16 13:22:16.903 | INFO     | scrapers.jp_official:scrape_series:148 - 获取 158 条卡片记录
2026-02-16 13:22:16.903 | INFO     | scrapers.jp_official:scrape_series:166 - 系列爬取完成，共 158 张卡片
2026-02-16 13:22:17.081 | INFO     | __main__:rescrape_all_jp:178 - 系列 OP-09: 爬取 158 张, 关联 126 条
2026-02-16 13:22:18.081 | INFO     | __main__:rescrape_all_jp:138 - 
[13/49] 处理系列: OP-08
2026-02-16 13:22:18.082 | INFO     | scrapers.jp_official:scrape_series:128 - 爬取系列: https://www.onepiece-cardgame.com/cardlist/?series=550108
2026-02-16 13:22:35.556 | WARNING  | scrapers.jp_official:scrape_series:143 - 等待卡片加载超时
2026-02-16 13:22:35.587 | INFO     | scrapers.jp_official:scrape_series:148 - 获取 150 条卡片记录
2026-02-16 13:22:35.587 | INFO     | scrapers.jp_official:scrape_series:166 - 系列爬取完成，共 150 张卡片
2026-02-16 13:22:35.759 | INFO     | __main__:rescrape_all_jp:178 - 系列 OP-08: 爬取 150 张, 关联 125 条
2026-02-16 13:22:36.759 | INFO     | __main__:rescrape_all_jp:138 - 
[14/49] 处理系列: OP-07
2026-02-16 13:22:36.760 | INFO     | scrapers.jp_official:scrape_series:128 - 爬取系列: https://www.onepiece-cardgame.com/cardlist/?series=550107
2026-02-16 13:22:52.608 | WARNING  | scrapers.jp_official:scrape_series:143 - 等待卡片加载超时
2026-02-16 13:22:52.640 | INFO     | scrapers.jp_official:scrape_series:148 - 获取 150 条卡片记录
2026-02-16 13:22:52.640 | INFO     | scrapers.jp_official:scrape_series:166 - 系列爬取完成，共 150 张卡片
2026-02-16 13:22:52.809 | INFO     | __main__:rescrape_all_jp:178 - 系列 OP-07: 爬取 150 张, 关联 125 条
2026-02-16 13:22:53.809 | INFO     | __main__:rescrape_all_jp:138 - 
[15/49] 处理系列: OP-06
2026-02-16 13:22:53.810 | INFO     | scrapers.jp_official:scrape_series:128 - 爬取系列: https://www.onepiece-cardgame.com/cardlist/?series=550106
2026-02-16 13:23:09.665 | WARNING  | scrapers.jp_official:scrape_series:143 - 等待卡片加载超时
2026-02-16 13:23:09.697 | INFO     | scrapers.jp_official:scrape_series:148 - 获取 150 条卡片记录
2026-02-16 13:23:09.697 | INFO     | scrapers.jp_official:scrape_series:166 - 系列爬取完成，共 150 张卡片
2026-02-16 13:23:09.865 | INFO     | __main__:rescrape_all_jp:178 - 系列 OP-06: 爬取 150 张, 关联 125 条
2026-02-16 13:23:10.866 | INFO     | __main__:rescrape_all_jp:138 - 
[16/49] 处理系列: OP-05
2026-02-16 13:23:10.867 | INFO     | scrapers.jp_official:scrape_series:128 - 爬取系列: https://www.onepiece-cardgame.com/cardlist/?series=550105
2026-02-16 13:23:26.592 | WARNING  | scrapers.jp_official:scrape_series:143 - 等待卡片加载超时
2026-02-16 13:23:26.623 | INFO     | scrapers.jp_official:scrape_series:148 - 获取 154 条卡片记录
2026-02-16 13:23:26.623 | INFO     | scrapers.jp_official:scrape_series:166 - 系列爬取完成，共 154 张卡片
2026-02-16 13:23:26.797 | INFO     | __main__:rescrape_all_jp:178 - 系列 OP-05: 爬取 154 张, 关联 125 条
2026-02-16 13:23:27.797 | INFO     | __main__:rescrape_all_jp:138 - 
[17/49] 处理系列: OP-04
2026-02-16 13:23:27.798 | INFO     | scrapers.jp_official:scrape_series:128 - 爬取系列: https://www.onepiece-cardgame.com/cardlist/?series=550104
2026-02-16 13:23:45.268 | WARNING  | scrapers.jp_official:scrape_series:143 - 等待卡片加载超时
2026-02-16 13:23:45.299 | INFO     | scrapers.jp_official:scrape_series:148 - 获取 149 条卡片记录
2026-02-16 13:23:45.300 | INFO     | scrapers.jp_official:scrape_series:166 - 系列爬取完成，共 149 张卡片
2026-02-16 13:23:45.465 | INFO     | __main__:rescrape_all_jp:178 - 系列 OP-04: 爬取 149 张, 关联 124 条
2026-02-16 13:23:46.465 | INFO     | __main__:rescrape_all_jp:138 - 
[18/49] 处理系列: OP-03
2026-02-16 13:23:46.466 | INFO     | scrapers.jp_official:scrape_series:128 - 爬取系列: https://www.onepiece-cardgame.com/cardlist/?series=550103
2026-02-16 13:24:04.189 | WARNING  | scrapers.jp_official:scrape_series:143 - 等待卡片加载超时
2026-02-16 13:24:04.251 | INFO     | scrapers.jp_official:scrape_series:148 - 获取 154 条卡片记录
2026-02-16 13:24:04.251 | INFO     | scrapers.jp_official:scrape_series:166 - 系列爬取完成，共 154 张卡片
2026-02-16 13:24:04.424 | INFO     | __main__:rescrape_all_jp:178 - 系列 OP-03: 爬取 154 张, 关联 127 条
2026-02-16 13:24:05.424 | INFO     | __main__:rescrape_all_jp:138 - 
[19/49] 处理系列: OP-02
2026-02-16 13:24:05.425 | INFO     | scrapers.jp_official:scrape_series:128 - 爬取系列: https://www.onepiece-cardgame.com/cardlist/?series=550102
2026-02-16 13:24:22.895 | WARNING  | scrapers.jp_official:scrape_series:143 - 等待卡片加载超时
2026-02-16 13:24:22.926 | INFO     | scrapers.jp_official:scrape_series:148 - 获取 154 条卡片记录
2026-02-16 13:24:22.926 | INFO     | scrapers.jp_official:scrape_series:166 - 系列爬取完成，共 154 张卡片
2026-02-16 13:24:23.099 | INFO     | __main__:rescrape_all_jp:178 - 系列 OP-02: 爬取 154 张, 关联 121 条
2026-02-16 13:24:24.099 | INFO     | __main__:rescrape_all_jp:138 - 
[20/49] 处理系列: OP-01
2026-02-16 13:24:24.100 | INFO     | scrapers.jp_official:scrape_series:128 - 爬取系列: https://www.onepiece-cardgame.com/cardlist/?series=550101
2026-02-16 13:24:39.952 | WARNING  | scrapers.jp_official:scrape_series:143 - 等待卡片加载超时
2026-02-16 13:24:39.984 | INFO     | scrapers.jp_official:scrape_series:148 - 获取 154 条卡片记录
2026-02-16 13:24:39.984 | INFO     | scrapers.jp_official:scrape_series:166 - 系列爬取完成，共 154 张卡片
2026-02-16 13:24:40.153 | INFO     | __main__:rescrape_all_jp:178 - 系列 OP-01: 爬取 154 张, 关联 121 条
2026-02-16 13:24:41.153 | INFO     | __main__:rescrape_all_jp:138 - 
[21/49] 处理系列: ST-29
2026-02-16 13:24:41.154 | INFO     | scrapers.jp_official:scrape_series:128 - 爬取系列: https://www.onepiece-cardgame.com/cardlist/?series=550029
2026-02-16 13:24:56.881 | WARNING  | scrapers.jp_official:scrape_series:143 - 等待卡片加载超时
2026-02-16 13:24:56.891 | INFO     | scrapers.jp_official:scrape_series:148 - 获取 31 条卡片记录
2026-02-16 13:24:56.891 | INFO     | scrapers.jp_official:scrape_series:166 - 系列爬取完成，共 31 张卡片
2026-02-16 13:24:56.927 | INFO     | __main__:rescrape_all_jp:178 - 系列 ST-29: 爬取 31 张, 关联 17 条
2026-02-16 13:24:57.928 | INFO     | __main__:rescrape_all_jp:138 - 
[22/49] 处理系列: ST-28
2026-02-16 13:24:57.929 | INFO     | scrapers.jp_official:scrape_series:128 - 爬取系列: https://www.onepiece-cardgame.com/cardlist/?series=550028
2026-02-16 13:25:13.749 | WARNING  | scrapers.jp_official:scrape_series:143 - 等待卡片加载超时
2026-02-16 13:25:13.756 | INFO     | scrapers.jp_official:scrape_series:148 - 获取 15 条卡片记录
2026-02-16 13:25:13.756 | INFO     | scrapers.jp_official:scrape_series:166 - 系列爬取完成，共 15 张卡片
2026-02-16 13:25:13.777 | INFO     | __main__:rescrape_all_jp:178 - 系列 ST-28: 爬取 15 张, 关联 15 条
2026-02-16 13:25:14.777 | INFO     | __main__:rescrape_all_jp:138 - 
[23/49] 处理系列: ST-27
2026-02-16 13:25:14.778 | INFO     | scrapers.jp_official:scrape_series:128 - 爬取系列: https://www.onepiece-cardgame.com/cardlist/?series=550027
2026-02-16 13:25:30.622 | WARNING  | scrapers.jp_official:scrape_series:143 - 等待卡片加载超时
2026-02-16 13:25:30.630 | INFO     | scrapers.jp_official:scrape_series:148 - 获取 15 条卡片记录
2026-02-16 13:25:30.630 | INFO     | scrapers.jp_official:scrape_series:166 - 系列爬取完成，共 15 张卡片
2026-02-16 13:25:30.650 | INFO     | __main__:rescrape_all_jp:178 - 系列 ST-27: 爬取 15 张, 关联 15 条
2026-02-16 13:25:31.651 | INFO     | __main__:rescrape_all_jp:138 - 
[24/49] 处理系列: ST-26
2026-02-16 13:25:31.652 | INFO     | scrapers.jp_official:scrape_series:128 - 爬取系列: https://www.onepiece-cardgame.com/cardlist/?series=550026
2026-02-16 13:25:47.366 | WARNING  | scrapers.jp_official:scrape_series:143 - 等待卡片加载超时
2026-02-16 13:25:47.373 | INFO     | scrapers.jp_official:scrape_series:148 - 获取 15 条卡片记录
2026-02-16 13:25:47.373 | INFO     | scrapers.jp_official:scrape_series:166 - 系列爬取完成，共 15 张卡片
2026-02-16 13:25:47.394 | INFO     | __main__:rescrape_all_jp:178 - 系列 ST-26: 爬取 15 张, 关联 15 条
2026-02-16 13:25:48.394 | INFO     | __main__:rescrape_all_jp:138 - 
[25/49] 处理系列: ST-25
2026-02-16 13:25:48.395 | INFO     | scrapers.jp_official:scrape_series:128 - 爬取系列: https://www.onepiece-cardgame.com/cardlist/?series=550025
2026-02-16 13:26:04.115 | WARNING  | scrapers.jp_official:scrape_series:143 - 等待卡片加载超时
2026-02-16 13:26:04.123 | INFO     | scrapers.jp_official:scrape_series:148 - 获取 15 条卡片记录
2026-02-16 13:26:04.123 | INFO     | scrapers.jp_official:scrape_series:166 - 系列爬取完成，共 15 张卡片
2026-02-16 13:26:04.151 | INFO     | __main__:rescrape_all_jp:178 - 系列 ST-25: 爬取 15 张, 关联 15 条
2026-02-16 13:26:05.151 | INFO     | __main__:rescrape_all_jp:138 - 
[26/49] 处理系列: ST-24
2026-02-16 13:26:05.152 | INFO     | scrapers.jp_official:scrape_series:128 - 爬取系列: https://www.onepiece-cardgame.com/cardlist/?series=550024
2026-02-16 13:26:22.543 | WARNING  | scrapers.jp_official:scrape_series:143 - 等待卡片加载超时
2026-02-16 13:26:22.551 | INFO     | scrapers.jp_official:scrape_series:148 - 获取 15 条卡片记录
2026-02-16 13:26:22.551 | INFO     | scrapers.jp_official:scrape_series:166 - 系列爬取完成，共 15 张卡片
2026-02-16 13:26:22.571 | INFO     | __main__:rescrape_all_jp:178 - 系列 ST-24: 爬取 15 张, 关联 15 条
2026-02-16 13:26:23.572 | INFO     | __main__:rescrape_all_jp:138 - 
[27/49] 处理系列: ST-23
2026-02-16 13:26:23.572 | INFO     | scrapers.jp_official:scrape_series:128 - 爬取系列: https://www.onepiece-cardgame.com/cardlist/?series=550023
2026-02-16 13:26:39.401 | WARNING  | scrapers.jp_official:scrape_series:143 - 等待卡片加载超时
2026-02-16 13:26:39.408 | INFO     | scrapers.jp_official:scrape_series:148 - 获取 15 条卡片记录
2026-02-16 13:26:39.408 | INFO     | scrapers.jp_official:scrape_series:166 - 系列爬取完成，共 15 张卡片
2026-02-16 13:26:39.429 | INFO     | __main__:rescrape_all_jp:178 - 系列 ST-23: 爬取 15 张, 关联 15 条
2026-02-16 13:26:40.429 | INFO     | __main__:rescrape_all_jp:138 - 
[28/49] 处理系列: ST-22
2026-02-16 13:26:40.430 | INFO     | scrapers.jp_official:scrape_series:128 - 爬取系列: https://www.onepiece-cardgame.com/cardlist/?series=550022
2026-02-16 13:26:56.148 | WARNING  | scrapers.jp_official:scrape_series:143 - 等待卡片加载超时
2026-02-16 13:26:56.157 | INFO     | scrapers.jp_official:scrape_series:148 - 获取 31 条卡片记录
2026-02-16 13:26:56.158 | INFO     | scrapers.jp_official:scrape_series:166 - 系列爬取完成，共 31 张卡片
2026-02-16 13:26:56.195 | INFO     | __main__:rescrape_all_jp:178 - 系列 ST-22: 爬取 31 张, 关联 17 条
2026-02-16 13:26:57.195 | INFO     | __main__:rescrape_all_jp:138 - 
[29/49] 处理系列: ST-21
2026-02-16 13:26:57.196 | INFO     | scrapers.jp_official:scrape_series:128 - 爬取系列: https://www.onepiece-cardgame.com/cardlist/?series=550021
2026-02-16 13:27:12.939 | WARNING  | scrapers.jp_official:scrape_series:143 - 等待卡片加载超时
2026-02-16 13:27:12.949 | INFO     | scrapers.jp_official:scrape_series:148 - 获取 32 条卡片记录
2026-02-16 13:27:12.949 | INFO     | scrapers.jp_official:scrape_series:166 - 系列爬取完成，共 32 张卡片
2026-02-16 13:27:12.987 | INFO     | __main__:rescrape_all_jp:178 - 系列 ST-21: 爬取 32 张, 关联 17 条
2026-02-16 13:27:13.987 | INFO     | __main__:rescrape_all_jp:138 - 
[30/49] 处理系列: ST-20
2026-02-16 13:27:13.988 | INFO     | scrapers.jp_official:scrape_series:128 - 爬取系列: https://www.onepiece-cardgame.com/cardlist/?series=550020
2026-02-16 13:27:29.801 | WARNING  | scrapers.jp_official:scrape_series:143 - 等待卡片加载超时
2026-02-16 13:27:29.808 | INFO     | scrapers.jp_official:scrape_series:148 - 获取 15 条卡片记录
2026-02-16 13:27:29.808 | INFO     | scrapers.jp_official:scrape_series:166 - 系列爬取完成，共 15 张卡片
2026-02-16 13:27:29.829 | INFO     | __main__:rescrape_all_jp:178 - 系列 ST-20: 爬取 15 张, 关联 15 条
2026-02-16 13:27:30.829 | INFO     | __main__:rescrape_all_jp:138 - 
[31/49] 处理系列: ST-19
2026-02-16 13:27:30.830 | INFO     | scrapers.jp_official:scrape_series:128 - 爬取系列: https://www.onepiece-cardgame.com/cardlist/?series=550019
2026-02-16 13:27:46.549 | WARNING  | scrapers.jp_official:scrape_series:143 - 等待卡片加载超时
2026-02-16 13:27:46.555 | INFO     | scrapers.jp_official:scrape_series:148 - 获取 15 条卡片记录
2026-02-16 13:27:46.555 | INFO     | scrapers.jp_official:scrape_series:166 - 系列爬取完成，共 15 张卡片
2026-02-16 13:27:46.575 | INFO     | __main__:rescrape_all_jp:178 - 系列 ST-19: 爬取 15 张, 关联 15 条
2026-02-16 13:27:47.575 | INFO     | __main__:rescrape_all_jp:138 - 
[32/49] 处理系列: ST-18
2026-02-16 13:27:47.576 | INFO     | scrapers.jp_official:scrape_series:128 - 爬取系列: https://www.onepiece-cardgame.com/cardlist/?series=550018
2026-02-16 13:28:03.402 | WARNING  | scrapers.jp_official:scrape_series:143 - 等待卡片加载超时
2026-02-16 13:28:03.409 | INFO     | scrapers.jp_official:scrape_series:148 - 获取 15 条卡片记录
2026-02-16 13:28:03.409 | INFO     | scrapers.jp_official:scrape_series:166 - 系列爬取完成，共 15 张卡片
2026-02-16 13:28:03.430 | INFO     | __main__:rescrape_all_jp:178 - 系列 ST-18: 爬取 15 张, 关联 15 条
2026-02-16 13:28:04.430 | INFO     | __main__:rescrape_all_jp:138 - 
[33/49] 处理系列: ST-17
2026-02-16 13:28:04.431 | INFO     | scrapers.jp_official:scrape_series:128 - 爬取系列: https://www.onepiece-cardgame.com/cardlist/?series=550017
2026-02-16 13:28:20.149 | WARNING  | scrapers.jp_official:scrape_series:143 - 等待卡片加载超时
2026-02-16 13:28:20.157 | INFO     | scrapers.jp_official:scrape_series:148 - 获取 15 条卡片记录
2026-02-16 13:28:20.157 | INFO     | scrapers.jp_official:scrape_series:166 - 系列爬取完成，共 15 张卡片
2026-02-16 13:28:20.177 | INFO     | __main__:rescrape_all_jp:178 - 系列 ST-17: 爬取 15 张, 关联 15 条
2026-02-16 14:13:17.860 | INFO     | __main__:main:114 - 需要补爬 16 个系列
2026-02-16 14:13:18.294 | INFO     | scrapers.jp_official:start_browser:70 - 浏览器已启动
2026-02-16 14:13:18.294 | INFO     | __main__:main:126 - 
[1/16] 补爬系列: ST-01
2026-02-16 14:13:18.323 | INFO     | scrapers.jp_official:scrape_series:128 - 爬取系列: https://www.onepiece-cardgame.com/cardlist/?series=550001
2026-02-16 14:13:43.391 | WARNING  | scrapers.jp_official:scrape_series:143 - 等待卡片加载超时
2026-02-16 14:13:43.400 | INFO     | scrapers.jp_official:scrape_series:148 - 获取 17 条卡片记录
2026-02-16 14:13:43.400 | INFO     | scrapers.jp_official:scrape_series:166 - 系列爬取完成，共 17 张卡片
2026-02-16 14:13:43.430 | INFO     | __main__:main:143 - 系列 ST-01: 爬取 17 张, 关联 17 条
2026-02-16 14:13:44.430 | INFO     | __main__:main:126 - 
[2/16] 补爬系列: ST-02
2026-02-16 14:13:44.431 | INFO     | scrapers.jp_official:scrape_series:128 - 爬取系列: https://www.onepiece-cardgame.com/cardlist/?series=550002
2026-02-16 14:14:00.244 | WARNING  | scrapers.jp_official:scrape_series:143 - 等待卡片加载超时
2026-02-16 14:14:00.252 | INFO     | scrapers.jp_official:scrape_series:148 - 获取 17 条卡片记录
2026-02-16 14:14:00.252 | INFO     | scrapers.jp_official:scrape_series:166 - 系列爬取完成，共 17 张卡片
2026-02-16 14:14:00.275 | INFO     | __main__:main:143 - 系列 ST-02: 爬取 17 张, 关联 17 条
2026-02-16 14:14:01.275 | INFO     | __main__:main:126 - 
[3/16] 补爬系列: ST-03
2026-02-16 14:14:01.276 | INFO     | scrapers.jp_official:scrape_series:128 - 爬取系列: https://www.onepiece-cardgame.com/cardlist/?series=550003
2026-02-16 14:14:17.013 | WARNING  | scrapers.jp_official:scrape_series:143 - 等待卡片加载超时
2026-02-16 14:14:17.019 | INFO     | scrapers.jp_official:scrape_series:148 - 获取 17 条卡片记录
2026-02-16 14:14:17.020 | INFO     | scrapers.jp_official:scrape_series:166 - 系列爬取完成，共 17 张卡片
2026-02-16 14:14:17.042 | INFO     | __main__:main:143 - 系列 ST-03: 爬取 17 张, 关联 17 条
2026-02-16 14:14:18.042 | INFO     | __main__:main:126 - 
[4/16] 补爬系列: ST-04
2026-02-16 14:14:18.043 | INFO     | scrapers.jp_official:scrape_series:128 - 爬取系列: https://www.onepiece-cardgame.com/cardlist/?series=550004
2026-02-16 14:14:33.864 | WARNING  | scrapers.jp_official:scrape_series:143 - 等待卡片加载超时
2026-02-16 14:14:33.873 | INFO     | scrapers.jp_official:scrape_series:148 - 获取 17 条卡片记录
2026-02-16 14:14:33.873 | INFO     | scrapers.jp_official:scrape_series:166 - 系列爬取完成，共 17 张卡片
2026-02-16 14:14:33.898 | INFO     | __main__:main:143 - 系列 ST-04: 爬取 17 张, 关联 17 条
2026-02-16 14:14:34.898 | INFO     | __main__:main:126 - 
[5/16] 补爬系列: ST-05
2026-02-16 14:14:34.899 | INFO     | scrapers.jp_official:scrape_series:128 - 爬取系列: https://www.onepiece-cardgame.com/cardlist/?series=550005
2026-02-16 14:14:50.623 | WARNING  | scrapers.jp_official:scrape_series:143 - 等待卡片加载超时
2026-02-16 14:14:50.631 | INFO     | scrapers.jp_official:scrape_series:148 - 获取 17 条卡片记录
2026-02-16 14:14:50.631 | INFO     | scrapers.jp_official:scrape_series:166 - 系列爬取完成，共 17 张卡片
2026-02-16 14:14:50.655 | INFO     | __main__:main:143 - 系列 ST-05: 爬取 17 张, 关联 17 条
2026-02-16 14:14:51.655 | INFO     | __main__:main:126 - 
[6/16] 补爬系列: ST-06
2026-02-16 14:14:51.656 | INFO     | scrapers.jp_official:scrape_series:128 - 爬取系列: https://www.onepiece-cardgame.com/cardlist/?series=550006
2026-02-16 14:15:07.475 | WARNING  | scrapers.jp_official:scrape_series:143 - 等待卡片加载超时
2026-02-16 14:15:07.484 | INFO     | scrapers.jp_official:scrape_series:148 - 获取 17 条卡片记录
2026-02-16 14:15:07.484 | INFO     | scrapers.jp_official:scrape_series:166 - 系列爬取完成，共 17 张卡片
2026-02-16 14:15:07.586 | INFO     | __main__:main:143 - 系列 ST-06: 爬取 17 张, 关联 17 条
2026-02-16 14:15:08.586 | INFO     | __main__:main:126 - 
[7/16] 补爬系列: ST-07
2026-02-16 14:15:08.587 | INFO     | scrapers.jp_official:scrape_series:128 - 爬取系列: https://www.onepiece-cardgame.com/cardlist/?series=550007
2026-02-16 14:15:24.413 | WARNING  | scrapers.jp_official:scrape_series:143 - 等待卡片加载超时
2026-02-16 14:15:24.421 | INFO     | scrapers.jp_official:scrape_series:148 - 获取 17 条卡片记录
2026-02-16 14:15:24.421 | INFO     | scrapers.jp_official:scrape_series:166 - 系列爬取完成，共 17 张卡片
2026-02-16 14:15:24.443 | INFO     | __main__:main:143 - 系列 ST-07: 爬取 17 张, 关联 17 条
2026-02-16 14:15:25.444 | INFO     | __main__:main:126 - 
[8/16] 补爬系列: ST-08
2026-02-16 14:15:25.444 | INFO     | scrapers.jp_official:scrape_series:128 - 爬取系列: https://www.onepiece-cardgame.com/cardlist/?series=550008
2026-02-16 14:15:41.269 | WARNING  | scrapers.jp_official:scrape_series:143 - 等待卡片加载超时
2026-02-16 14:15:41.276 | INFO     | scrapers.jp_official:scrape_series:148 - 获取 15 条卡片记录
2026-02-16 14:15:41.276 | INFO     | scrapers.jp_official:scrape_series:166 - 系列爬取完成，共 15 张卡片
2026-02-16 14:15:41.297 | INFO     | __main__:main:143 - 系列 ST-08: 爬取 15 张, 关联 15 条
2026-02-16 14:15:42.298 | INFO     | __main__:main:126 - 
[9/16] 补爬系列: ST-09
2026-02-16 14:15:42.298 | INFO     | scrapers.jp_official:scrape_series:128 - 爬取系列: https://www.onepiece-cardgame.com/cardlist/?series=550009
2026-02-16 14:15:58.018 | WARNING  | scrapers.jp_official:scrape_series:143 - 等待卡片加载超时
2026-02-16 14:15:58.024 | INFO     | scrapers.jp_official:scrape_series:148 - 获取 15 条卡片记录
2026-02-16 14:15:58.025 | INFO     | scrapers.jp_official:scrape_series:166 - 系列爬取完成，共 15 张卡片
2026-02-16 14:15:58.045 | INFO     | __main__:main:143 - 系列 ST-09: 爬取 15 张, 关联 15 条
2026-02-16 14:15:59.045 | INFO     | __main__:main:126 - 
[10/16] 补爬系列: ST-10
2026-02-16 14:15:59.046 | INFO     | scrapers.jp_official:scrape_series:128 - 爬取系列: https://www.onepiece-cardgame.com/cardlist/?series=550010
2026-02-16 14:16:14.757 | WARNING  | scrapers.jp_official:scrape_series:143 - 等待卡片加载超时
2026-02-16 14:16:14.765 | INFO     | scrapers.jp_official:scrape_series:148 - 获取 19 条卡片记录
2026-02-16 14:16:14.765 | INFO     | scrapers.jp_official:scrape_series:166 - 系列爬取完成，共 19 张卡片
2026-02-16 14:16:14.790 | INFO     | __main__:main:143 - 系列 ST-10: 爬取 19 张, 关联 19 条
2026-02-16 14:16:15.790 | INFO     | __main__:main:126 - 
[11/16] 补爬系列: ST-11
2026-02-16 14:16:15.791 | INFO     | scrapers.jp_official:scrape_series:128 - 爬取系列: https://www.onepiece-cardgame.com/cardlist/?series=550011
2026-02-16 14:16:31.509 | WARNING  | scrapers.jp_official:scrape_series:143 - 等待卡片加载超时
2026-02-16 14:16:31.518 | INFO     | scrapers.jp_official:scrape_series:148 - 获取 15 条卡片记录
2026-02-16 14:16:31.518 | INFO     | scrapers.jp_official:scrape_series:166 - 系列爬取完成，共 15 张卡片
2026-02-16 14:16:31.541 | INFO     | __main__:main:143 - 系列 ST-11: 爬取 15 张, 关联 15 条
2026-02-16 14:16:32.542 | INFO     | __main__:main:126 - 
[12/16] 补爬系列: ST-12
2026-02-16 14:16:32.543 | INFO     | scrapers.jp_official:scrape_series:128 - 爬取系列: https://www.onepiece-cardgame.com/cardlist/?series=550012
2026-02-16 14:16:48.372 | WARNING  | scrapers.jp_official:scrape_series:143 - 等待卡片加载超时
2026-02-16 14:16:48.379 | INFO     | scrapers.jp_official:scrape_series:148 - 获取 17 条卡片记录
2026-02-16 14:16:48.380 | INFO     | scrapers.jp_official:scrape_series:166 - 系列爬取完成，共 17 张卡片
2026-02-16 14:16:48.402 | INFO     | __main__:main:143 - 系列 ST-12: 爬取 17 张, 关联 17 条
2026-02-16 14:16:49.402 | INFO     | __main__:main:126 - 
[13/16] 补爬系列: ST-13
2026-02-16 14:16:49.403 | INFO     | scrapers.jp_official:scrape_series:128 - 爬取系列: https://www.onepiece-cardgame.com/cardlist/?series=550013
2026-02-16 14:17:05.267 | WARNING  | scrapers.jp_official:scrape_series:143 - 等待卡片加载超时
2026-02-16 14:17:05.281 | INFO     | scrapers.jp_official:scrape_series:148 - 获取 35 条卡片记录
2026-02-16 14:17:05.281 | INFO     | scrapers.jp_official:scrape_series:166 - 系列爬取完成，共 35 张卡片
2026-02-16 14:17:05.321 | INFO     | __main__:main:143 - 系列 ST-13: 爬取 35 张, 关联 19 条
2026-02-16 14:17:06.321 | INFO     | __main__:main:126 - 
[14/16] 补爬系列: ST-14
2026-02-16 14:17:06.322 | INFO     | scrapers.jp_official:scrape_series:128 - 爬取系列: https://www.onepiece-cardgame.com/cardlist/?series=550014
2026-02-16 14:17:22.144 | WARNING  | scrapers.jp_official:scrape_series:143 - 等待卡片加载超时
2026-02-16 14:17:22.151 | INFO     | scrapers.jp_official:scrape_series:148 - 获取 17 条卡片记录
2026-02-16 14:17:22.151 | INFO     | scrapers.jp_official:scrape_series:166 - 系列爬取完成，共 17 张卡片
2026-02-16 14:17:22.174 | INFO     | __main__:main:143 - 系列 ST-14: 爬取 17 张, 关联 17 条
2026-02-16 14:17:23.174 | INFO     | __main__:main:126 - 
[15/16] 补爬系列: ST-15
2026-02-16 14:17:23.175 | INFO     | scrapers.jp_official:scrape_series:128 - 爬取系列: https://www.onepiece-cardgame.com/cardlist/?series=550015
2026-02-16 14:17:38.895 | WARNING  | scrapers.jp_official:scrape_series:143 - 等待卡片加载超时
2026-02-16 14:17:38.903 | INFO     | scrapers.jp_official:scrape_series:148 - 获取 15 条卡片记录
2026-02-16 14:17:38.903 | INFO     | scrapers.jp_official:scrape_series:166 - 系列爬取完成，共 15 张卡片
2026-02-16 14:17:38.924 | INFO     | __main__:main:143 - 系列 ST-15: 爬取 15 张, 关联 15 条
2026-02-16 14:17:39.924 | INFO     | __main__:main:126 - 
[16/16] 补爬系列: ST-16
2026-02-16 14:17:39.925 | INFO     | scrapers.jp_official:scrape_series:128 - 爬取系列: https://www.onepiece-cardgame.com/cardlist/?series=550016
2026-02-16 14:17:55.758 | WARNING  | scrapers.jp_official:scrape_series:143 - 等待卡片加载超时
2026-02-16 14:17:55.766 | INFO     | scrapers.jp_official:scrape_series:148 - 获取 15 条卡片记录
2026-02-16 14:17:55.766 | INFO     | scrapers.jp_official:scrape_series:166 - 系列爬取完成，共 15 张卡片
2026-02-16 14:17:55.786 | INFO     | __main__:main:143 - 系列 ST-16: 爬取 15 张, 关联 15 条
2026-02-16 14:17:56.787 | INFO     | __main__:main:154 - 
=== 补爬完成，总关联数: 2776 ===
2026-02-16 14:17:56.826 | INFO     | scrapers.jp_official:close_browser:78 - 浏览器已关闭
