2026-02-17 02:09:59.321 | INFO     | scrapers.en_official:start_browser:77 - 浏览器已启动 (EN)
2026-02-17 02:09:59.321 | INFO     | scrapers.en_official:get_series_list:89 - 获取英文系列列表...
2026-02-17 02:10:08.620 | INFO     | scrapers.en_official:get_series_list:130 - 共找到 48 个英文系列
2026-02-17 02:10:08.620 | INFO     | __main__:scrape_all_en_series:115 - 共找到 48 个英文系列
2026-02-17 02:10:08.620 | INFO     | __main__:scrape_all_en_series:120 - 
[1/48] 处理系列: PRB-02
2026-02-17 02:10:08.657 | INFO     | __main__:scrape_all_en_series:128 - 系列 PRB-02 已有 173 张卡片，跳过
2026-02-17 02:10:08.657 | INFO     | __main__:scrape_all_en_series:120 - 
[2/48] 处理系列: PRB-01
2026-02-17 02:10:08.661 | INFO     | __main__:scrape_all_en_series:128 - 系列 PRB-01 已有 108 张卡片，跳过
2026-02-17 02:10:08.661 | INFO     | __main__:scrape_all_en_series:120 - 
[3/48] 处理系列: EB-03
2026-02-17 02:10:08.665 | INFO     | __main__:scrape_all_en_series:128 - 系列 EB-03 已有 62 张卡片，跳过
2026-02-17 02:10:08.665 | INFO     | __main__:scrape_all_en_series:120 - 
[4/48] 处理系列: EB-02
2026-02-17 02:10:08.668 | INFO     | __main__:scrape_all_en_series:128 - 系列 EB-02 已有 86 张卡片，跳过
2026-02-17 02:10:08.668 | INFO     | __main__:scrape_all_en_series:120 - 
[5/48] 处理系列: EB-01
2026-02-17 02:10:08.672 | INFO     | __main__:scrape_all_en_series:128 - 系列 EB-01 已有 44 张卡片，跳过
2026-02-17 02:10:08.672 | INFO     | __main__:scrape_all_en_series:120 - 
[6/48] 处理系列: OP14-EB04
2026-02-17 02:10:08.676 | INFO     | __main__:save_en_series:32 - 新增英文系列: OP14-EB04
2026-02-17 02:10:08.677 | INFO     | scrapers.en_official:scrape_series:136 - 爬取英文系列: https://en.onepiece-cardgame.com/cardlist/?series=569114
2026-02-17 02:10:13.753 | INFO     | scrapers.en_official:scrape_series:147 - 处理第 1 页...
2026-02-17 02:10:14.812 | INFO     | scrapers.en_official:scrape_series:151 - 当前页找到 199 张卡片
2026-02-17 02:10:14.824 | INFO     | scrapers.en_official:scrape_series:178 - 英文系列爬取完成，共 199 张卡片
2026-02-17 02:10:15.130 | INFO     | __main__:scrape_all_en_series:145 - 系列 OP14-EB04 保存 199 张卡片
2026-02-17 02:10:17.131 | INFO     | __main__:scrape_all_en_series:120 - 
[7/48] 处理系列: OP-13
2026-02-17 02:10:17.135 | INFO     | __main__:scrape_all_en_series:128 - 系列 OP-13 已有 124 张卡片，跳过
2026-02-17 02:10:17.135 | INFO     | __main__:scrape_all_en_series:120 - 
[8/48] 处理系列: OP-12
2026-02-17 02:10:17.139 | INFO     | __main__:scrape_all_en_series:128 - 系列 OP-12 已有 124 张卡片，跳过
2026-02-17 02:10:17.139 | INFO     | __main__:scrape_all_en_series:120 - 
[9/48] 处理系列: OP-11
2026-02-17 02:10:17.143 | INFO     | __main__:scrape_all_en_series:128 - 系列 OP-11 已有 120 张卡片，跳过
2026-02-17 02:10:17.143 | INFO     | __main__:scrape_all_en_series:120 - 
[10/48] 处理系列: OP-10
2026-02-17 02:10:17.146 | INFO     | __main__:scrape_all_en_series:128 - 系列 OP-10 已有 106 张卡片，跳过
2026-02-17 02:10:17.146 | INFO     | __main__:scrape_all_en_series:120 - 
[11/48] 处理系列: OP-09
2026-02-17 02:10:17.149 | INFO     | __main__:scrape_all_en_series:128 - 系列 OP-09 已有 1 张卡片，跳过
2026-02-17 02:10:17.149 | INFO     | __main__:scrape_all_en_series:120 - 
[12/48] 处理系列: OP-08
2026-02-17 02:10:17.153 | INFO     | __main__:scrape_all_en_series:128 - 系列 OP-08 已有 1 张卡片，跳过
2026-02-17 02:10:17.153 | INFO     | __main__:scrape_all_en_series:120 - 
[13/48] 处理系列: OP-07
2026-02-17 02:10:17.156 | INFO     | __main__:save_en_series:32 - 新增英文系列: OP-07
2026-02-17 02:10:17.156 | INFO     | scrapers.en_official:scrape_series:136 - 爬取英文系列: https://en.onepiece-cardgame.com/cardlist/?series=569107
2026-02-17 02:10:21.463 | INFO     | scrapers.en_official:scrape_series:147 - 处理第 1 页...
2026-02-17 02:10:22.490 | INFO     | scrapers.en_official:scrape_series:151 - 当前页找到 151 张卡片
2026-02-17 02:10:22.497 | INFO     | scrapers.en_official:scrape_series:178 - 英文系列爬取完成，共 151 张卡片
2026-02-17 02:10:22.765 | INFO     | __main__:scrape_all_en_series:145 - 系列 OP-07 保存 151 张卡片
2026-02-17 02:10:24.765 | INFO     | __main__:scrape_all_en_series:120 - 
[14/48] 处理系列: OP-06
2026-02-17 02:10:24.769 | INFO     | __main__:save_en_series:32 - 新增英文系列: OP-06
2026-02-17 02:10:24.770 | INFO     | scrapers.en_official:scrape_series:136 - 爬取英文系列: https://en.onepiece-cardgame.com/cardlist/?series=569106
2026-02-17 02:10:29.159 | INFO     | scrapers.en_official:scrape_series:147 - 处理第 1 页...
2026-02-17 02:10:30.220 | INFO     | scrapers.en_official:scrape_series:151 - 当前页找到 151 张卡片
2026-02-17 02:10:30.228 | INFO     | scrapers.en_official:scrape_series:178 - 英文系列爬取完成，共 151 张卡片
2026-02-17 02:10:30.484 | INFO     | __main__:scrape_all_en_series:145 - 系列 OP-06 保存 151 张卡片
2026-02-17 02:10:32.484 | INFO     | __main__:scrape_all_en_series:120 - 
[15/48] 处理系列: OP-05
2026-02-17 02:10:32.488 | INFO     | __main__:save_en_series:32 - 新增英文系列: OP-05
2026-02-17 02:10:32.489 | INFO     | scrapers.en_official:scrape_series:136 - 爬取英文系列: https://en.onepiece-cardgame.com/cardlist/?series=569105
2026-02-17 02:10:35.365 | INFO     | scrapers.en_official:scrape_series:147 - 处理第 1 页...
2026-02-17 02:10:36.396 | INFO     | scrapers.en_official:scrape_series:151 - 当前页找到 154 张卡片
2026-02-17 02:10:36.405 | INFO     | scrapers.en_official:scrape_series:178 - 英文系列爬取完成，共 154 张卡片
2026-02-17 02:10:36.669 | INFO     | __main__:scrape_all_en_series:145 - 系列 OP-05 保存 154 张卡片
2026-02-17 02:10:38.670 | INFO     | __main__:scrape_all_en_series:120 - 
[16/48] 处理系列: OP-04
2026-02-17 02:10:38.673 | INFO     | __main__:save_en_series:32 - 新增英文系列: OP-04
2026-02-17 02:10:38.674 | INFO     | scrapers.en_official:scrape_series:136 - 爬取英文系列: https://en.onepiece-cardgame.com/cardlist/?series=569104
2026-02-17 02:10:43.264 | INFO     | scrapers.en_official:scrape_series:147 - 处理第 1 页...
2026-02-17 02:10:44.296 | INFO     | scrapers.en_official:scrape_series:151 - 当前页找到 149 张卡片
2026-02-17 02:10:44.304 | INFO     | scrapers.en_official:scrape_series:178 - 英文系列爬取完成，共 149 张卡片
2026-02-17 02:10:44.565 | INFO     | __main__:scrape_all_en_series:145 - 系列 OP-04 保存 149 张卡片
2026-02-17 02:10:46.565 | INFO     | __main__:scrape_all_en_series:120 - 
[17/48] 处理系列: OP-03
2026-02-17 02:10:46.570 | INFO     | __main__:save_en_series:32 - 新增英文系列: OP-03
2026-02-17 02:10:46.571 | INFO     | scrapers.en_official:scrape_series:136 - 爬取英文系列: https://en.onepiece-cardgame.com/cardlist/?series=569103
2026-02-17 02:10:51.315 | INFO     | scrapers.en_official:scrape_series:147 - 处理第 1 页...
2026-02-17 02:10:52.346 | INFO     | scrapers.en_official:scrape_series:151 - 当前页找到 154 张卡片
2026-02-17 02:10:52.356 | INFO     | scrapers.en_official:scrape_series:178 - 英文系列爬取完成，共 154 张卡片
2026-02-17 02:10:52.619 | INFO     | __main__:scrape_all_en_series:145 - 系列 OP-03 保存 154 张卡片
2026-02-17 02:10:54.619 | INFO     | __main__:scrape_all_en_series:120 - 
[18/48] 处理系列: OP-02
2026-02-17 02:10:54.623 | INFO     | __main__:save_en_series:32 - 新增英文系列: OP-02
2026-02-17 02:10:54.624 | INFO     | scrapers.en_official:scrape_series:136 - 爬取英文系列: https://en.onepiece-cardgame.com/cardlist/?series=569102
2026-02-17 02:11:03.178 | INFO     | scrapers.en_official:scrape_series:147 - 处理第 1 页...
2026-02-17 02:11:04.208 | INFO     | scrapers.en_official:scrape_series:151 - 当前页找到 154 张卡片
2026-02-17 02:11:04.217 | INFO     | scrapers.en_official:scrape_series:178 - 英文系列爬取完成，共 154 张卡片
2026-02-17 02:11:04.481 | INFO     | __main__:scrape_all_en_series:145 - 系列 OP-02 保存 154 张卡片
2026-02-17 02:11:06.482 | INFO     | __main__:scrape_all_en_series:120 - 
[19/48] 处理系列: OP-01
2026-02-17 02:11:06.486 | INFO     | __main__:save_en_series:32 - 新增英文系列: OP-01
2026-02-17 02:11:06.487 | INFO     | scrapers.en_official:scrape_series:136 - 爬取英文系列: https://en.onepiece-cardgame.com/cardlist/?series=569101
2026-02-17 02:11:10.954 | INFO     | scrapers.en_official:scrape_series:147 - 处理第 1 页...
2026-02-17 02:11:12.006 | INFO     | scrapers.en_official:scrape_series:151 - 当前页找到 154 张卡片
2026-02-17 02:11:12.015 | INFO     | scrapers.en_official:scrape_series:178 - 英文系列爬取完成，共 154 张卡片
2026-02-17 02:11:12.282 | INFO     | __main__:scrape_all_en_series:145 - 系列 OP-01 保存 154 张卡片
2026-02-17 02:11:14.282 | INFO     | __main__:scrape_all_en_series:120 - 
[20/48] 处理系列: ST-29
2026-02-17 02:11:14.286 | INFO     | __main__:save_en_series:32 - 新增英文系列: ST-29
2026-02-17 02:11:14.287 | INFO     | scrapers.en_official:scrape_series:136 - 爬取英文系列: https://en.onepiece-cardgame.com/cardlist/?series=569029
2026-02-17 02:11:18.692 | INFO     | scrapers.en_official:scrape_series:147 - 处理第 1 页...
2026-02-17 02:11:19.700 | INFO     | scrapers.en_official:scrape_series:151 - 当前页找到 31 张卡片
2026-02-17 02:11:19.704 | INFO     | scrapers.en_official:scrape_series:178 - 英文系列爬取完成，共 31 张卡片
2026-02-17 02:11:19.761 | INFO     | __main__:scrape_all_en_series:145 - 系列 ST-29 保存 31 张卡片
2026-02-17 02:11:21.761 | INFO     | __main__:scrape_all_en_series:120 - 
[21/48] 处理系列: ST-28
2026-02-17 02:11:21.765 | INFO     | __main__:save_en_series:32 - 新增英文系列: ST-28
2026-02-17 02:11:21.766 | INFO     | scrapers.en_official:scrape_series:136 - 爬取英文系列: https://en.onepiece-cardgame.com/cardlist/?series=569028
2026-02-17 02:11:24.492 | INFO     | scrapers.en_official:scrape_series:147 - 处理第 1 页...
2026-02-17 02:11:25.498 | INFO     | scrapers.en_official:scrape_series:151 - 当前页找到 15 张卡片
2026-02-17 02:11:25.501 | INFO     | scrapers.en_official:scrape_series:178 - 英文系列爬取完成，共 15 张卡片
2026-02-17 02:11:25.531 | INFO     | __main__:scrape_all_en_series:145 - 系列 ST-28 保存 15 张卡片
2026-02-17 02:11:27.531 | INFO     | __main__:scrape_all_en_series:120 - 
[22/48] 处理系列: ST-27
2026-02-17 02:11:27.535 | INFO     | __main__:save_en_series:32 - 新增英文系列: ST-27
2026-02-17 02:11:27.536 | INFO     | scrapers.en_official:scrape_series:136 - 爬取英文系列: https://en.onepiece-cardgame.com/cardlist/?series=569027
2026-02-17 02:11:31.996 | INFO     | scrapers.en_official:scrape_series:147 - 处理第 1 页...
2026-02-17 02:11:33.002 | INFO     | scrapers.en_official:scrape_series:151 - 当前页找到 15 张卡片
2026-02-17 02:11:33.005 | INFO     | scrapers.en_official:scrape_series:178 - 英文系列爬取完成，共 15 张卡片
2026-02-17 02:11:33.036 | INFO     | __main__:scrape_all_en_series:145 - 系列 ST-27 保存 15 张卡片
2026-02-17 02:11:35.037 | INFO     | __main__:scrape_all_en_series:120 - 
[23/48] 处理系列: ST-26
2026-02-17 02:11:35.041 | INFO     | __main__:save_en_series:32 - 新增英文系列: ST-26
2026-02-17 02:11:35.042 | INFO     | scrapers.en_official:scrape_series:136 - 爬取英文系列: https://en.onepiece-cardgame.com/cardlist/?series=569026
2026-02-17 02:11:39.523 | INFO     | scrapers.en_official:scrape_series:147 - 处理第 1 页...
2026-02-17 02:11:40.530 | INFO     | scrapers.en_official:scrape_series:151 - 当前页找到 15 张卡片
2026-02-17 02:11:40.533 | INFO     | scrapers.en_official:scrape_series:178 - 英文系列爬取完成，共 15 张卡片
2026-02-17 02:11:40.563 | INFO     | __main__:scrape_all_en_series:145 - 系列 ST-26 保存 15 张卡片
2026-02-17 02:11:42.563 | INFO     | __main__:scrape_all_en_series:120 - 
[24/48] 处理系列: ST-25
2026-02-17 02:11:42.567 | INFO     | __main__:save_en_series:32 - 新增英文系列: ST-25
2026-02-17 02:11:42.568 | INFO     | scrapers.en_official:scrape_series:136 - 爬取英文系列: https://en.onepiece-cardgame.com/cardlist/?series=569025
2026-02-17 02:11:48.436 | INFO     | scrapers.en_official:scrape_series:147 - 处理第 1 页...
2026-02-17 02:11:49.442 | INFO     | scrapers.en_official:scrape_series:151 - 当前页找到 15 张卡片
2026-02-17 02:11:49.459 | INFO     | scrapers.en_official:scrape_series:178 - 英文系列爬取完成，共 15 张卡片
2026-02-17 02:11:49.493 | INFO     | __main__:scrape_all_en_series:145 - 系列 ST-25 保存 15 张卡片
2026-02-17 02:11:51.493 | INFO     | __main__:scrape_all_en_series:120 - 
[25/48] 处理系列: ST-24
2026-02-17 02:11:51.498 | INFO     | __main__:save_en_series:32 - 新增英文系列: ST-24
2026-02-17 02:11:51.499 | INFO     | scrapers.en_official:scrape_series:136 - 爬取英文系列: https://en.onepiece-cardgame.com/cardlist/?series=569024
2026-02-17 02:11:55.893 | INFO     | scrapers.en_official:scrape_series:147 - 处理第 1 页...
2026-02-17 02:11:56.900 | INFO     | scrapers.en_official:scrape_series:151 - 当前页找到 15 张卡片
2026-02-17 02:11:56.903 | INFO     | scrapers.en_official:scrape_series:178 - 英文系列爬取完成，共 15 张卡片
2026-02-17 02:11:56.932 | INFO     | __main__:scrape_all_en_series:145 - 系列 ST-24 保存 15 张卡片
2026-02-17 02:11:58.932 | INFO     | __main__:scrape_all_en_series:120 - 
[26/48] 处理系列: ST-23
2026-02-17 02:11:58.936 | INFO     | __main__:save_en_series:32 - 新增英文系列: ST-23
2026-02-17 02:11:58.937 | INFO     | scrapers.en_official:scrape_series:136 - 爬取英文系列: https://en.onepiece-cardgame.com/cardlist/?series=569023
2026-02-17 02:12:03.287 | INFO     | scrapers.en_official:scrape_series:147 - 处理第 1 页...
2026-02-17 02:12:04.293 | INFO     | scrapers.en_official:scrape_series:151 - 当前页找到 15 张卡片
2026-02-17 02:12:04.297 | INFO     | scrapers.en_official:scrape_series:178 - 英文系列爬取完成，共 15 张卡片
2026-02-17 02:12:04.328 | INFO     | __main__:scrape_all_en_series:145 - 系列 ST-23 保存 15 张卡片
2026-02-17 02:12:06.328 | INFO     | __main__:scrape_all_en_series:120 - 
[27/48] 处理系列: ST-22
2026-02-17 02:12:06.332 | INFO     | __main__:save_en_series:32 - 新增英文系列: ST-22
2026-02-17 02:12:06.333 | INFO     | scrapers.en_official:scrape_series:136 - 爬取英文系列: https://en.onepiece-cardgame.com/cardlist/?series=569022
2026-02-17 02:12:09.061 | INFO     | scrapers.en_official:scrape_series:147 - 处理第 1 页...
2026-02-17 02:12:10.069 | INFO     | scrapers.en_official:scrape_series:151 - 当前页找到 31 张卡片
2026-02-17 02:12:10.073 | INFO     | scrapers.en_official:scrape_series:178 - 英文系列爬取完成，共 31 张卡片
2026-02-17 02:12:10.130 | INFO     | __main__:scrape_all_en_series:145 - 系列 ST-22 保存 31 张卡片
2026-02-17 02:12:12.130 | INFO     | __main__:scrape_all_en_series:120 - 
[28/48] 处理系列: ST-21
2026-02-17 02:12:12.134 | INFO     | __main__:save_en_series:32 - 新增英文系列: ST-21
2026-02-17 02:12:12.135 | INFO     | scrapers.en_official:scrape_series:136 - 爬取英文系列: https://en.onepiece-cardgame.com/cardlist/?series=569021
2026-02-17 02:12:16.516 | INFO     | scrapers.en_official:scrape_series:147 - 处理第 1 页...
2026-02-17 02:12:17.525 | INFO     | scrapers.en_official:scrape_series:151 - 当前页找到 32 张卡片
2026-02-17 02:12:17.529 | INFO     | scrapers.en_official:scrape_series:178 - 英文系列爬取完成，共 32 张卡片
2026-02-17 02:12:17.587 | INFO     | __main__:scrape_all_en_series:145 - 系列 ST-21 保存 32 张卡片
2026-02-17 02:12:19.587 | INFO     | __main__:scrape_all_en_series:120 - 
[29/48] 处理系列: ST-20
2026-02-17 02:12:19.591 | INFO     | __main__:save_en_series:32 - 新增英文系列: ST-20
2026-02-17 02:12:19.592 | INFO     | scrapers.en_official:scrape_series:136 - 爬取英文系列: https://en.onepiece-cardgame.com/cardlist/?series=569020
2026-02-17 02:12:23.962 | INFO     | scrapers.en_official:scrape_series:147 - 处理第 1 页...
2026-02-17 02:12:24.968 | INFO     | scrapers.en_official:scrape_series:151 - 当前页找到 15 张卡片
2026-02-17 02:12:24.971 | INFO     | scrapers.en_official:scrape_series:178 - 英文系列爬取完成，共 15 张卡片
2026-02-17 02:12:25.000 | INFO     | __main__:scrape_all_en_series:145 - 系列 ST-20 保存 15 张卡片
2026-02-17 02:12:27.000 | INFO     | __main__:scrape_all_en_series:120 - 
[30/48] 处理系列: ST-19
2026-02-17 02:12:27.004 | INFO     | __main__:save_en_series:32 - 新增英文系列: ST-19
2026-02-17 02:12:27.005 | INFO     | scrapers.en_official:scrape_series:136 - 爬取英文系列: https://en.onepiece-cardgame.com/cardlist/?series=569019
2026-02-17 02:12:29.743 | INFO     | scrapers.en_official:scrape_series:147 - 处理第 1 页...
2026-02-17 02:12:30.750 | INFO     | scrapers.en_official:scrape_series:151 - 当前页找到 15 张卡片
2026-02-17 02:12:30.753 | INFO     | scrapers.en_official:scrape_series:178 - 英文系列爬取完成，共 15 张卡片
2026-02-17 02:12:30.782 | INFO     | __main__:scrape_all_en_series:145 - 系列 ST-19 保存 15 张卡片
2026-02-17 02:12:32.783 | INFO     | __main__:scrape_all_en_series:120 - 
[31/48] 处理系列: ST-18
2026-02-17 02:12:32.787 | INFO     | __main__:save_en_series:32 - 新增英文系列: ST-18
2026-02-17 02:12:32.788 | INFO     | scrapers.en_official:scrape_series:136 - 爬取英文系列: https://en.onepiece-cardgame.com/cardlist/?series=569018
2026-02-17 02:12:37.169 | INFO     | scrapers.en_official:scrape_series:147 - 处理第 1 页...
2026-02-17 02:12:38.176 | INFO     | scrapers.en_official:scrape_series:151 - 当前页找到 15 张卡片
2026-02-17 02:12:38.179 | INFO     | scrapers.en_official:scrape_series:178 - 英文系列爬取完成，共 15 张卡片
2026-02-17 02:12:38.206 | INFO     | __main__:scrape_all_en_series:145 - 系列 ST-18 保存 15 张卡片
2026-02-17 02:12:40.206 | INFO     | __main__:scrape_all_en_series:120 - 
[32/48] 处理系列: ST-17
2026-02-17 02:12:40.210 | INFO     | __main__:save_en_series:32 - 新增英文系列: ST-17
2026-02-17 02:12:40.211 | INFO     | scrapers.en_official:scrape_series:136 - 爬取英文系列: https://en.onepiece-cardgame.com/cardlist/?series=569017
2026-02-17 02:12:44.588 | INFO     | scrapers.en_official:scrape_series:147 - 处理第 1 页...
2026-02-17 02:12:45.595 | INFO     | scrapers.en_official:scrape_series:151 - 当前页找到 15 张卡片
2026-02-17 02:12:45.598 | INFO     | scrapers.en_official:scrape_series:178 - 英文系列爬取完成，共 15 张卡片
2026-02-17 02:12:45.627 | INFO     | __main__:scrape_all_en_series:145 - 系列 ST-17 保存 15 张卡片
2026-02-17 02:12:47.627 | INFO     | __main__:scrape_all_en_series:120 - 
[33/48] 处理系列: ST-16
2026-02-17 02:12:47.632 | INFO     | __main__:save_en_series:32 - 新增英文系列: ST-16
2026-02-17 02:12:47.633 | INFO     | scrapers.en_official:scrape_series:136 - 爬取英文系列: https://en.onepiece-cardgame.com/cardlist/?series=569016
2026-02-17 02:12:52.097 | INFO     | scrapers.en_official:scrape_series:147 - 处理第 1 页...
2026-02-17 02:12:53.105 | INFO     | scrapers.en_official:scrape_series:151 - 当前页找到 15 张卡片
2026-02-17 02:12:53.108 | INFO     | scrapers.en_official:scrape_series:178 - 英文系列爬取完成，共 15 张卡片
2026-02-17 02:12:53.139 | INFO     | __main__:scrape_all_en_series:145 - 系列 ST-16 保存 15 张卡片
2026-02-17 02:12:55.139 | INFO     | __main__:scrape_all_en_series:120 - 
[34/48] 处理系列: ST-15
2026-02-17 02:12:55.143 | INFO     | __main__:save_en_series:32 - 新增英文系列: ST-15
2026-02-17 02:12:55.144 | INFO     | scrapers.en_official:scrape_series:136 - 爬取英文系列: https://en.onepiece-cardgame.com/cardlist/?series=569015
2026-02-17 02:12:59.549 | INFO     | scrapers.en_official:scrape_series:147 - 处理第 1 页...
2026-02-17 02:13:00.555 | INFO     | scrapers.en_official:scrape_series:151 - 当前页找到 15 张卡片
2026-02-17 02:13:00.558 | INFO     | scrapers.en_official:scrape_series:178 - 英文系列爬取完成，共 15 张卡片
2026-02-17 02:13:00.586 | INFO     | __main__:scrape_all_en_series:145 - 系列 ST-15 保存 15 张卡片
2026-02-17 02:13:02.586 | INFO     | __main__:scrape_all_en_series:120 - 
[35/48] 处理系列: ST-14
2026-02-17 02:13:02.590 | INFO     | __main__:save_en_series:32 - 新增英文系列: ST-14
2026-02-17 02:13:02.591 | INFO     | scrapers.en_official:scrape_series:136 - 爬取英文系列: https://en.onepiece-cardgame.com/cardlist/?series=569014
2026-02-17 02:13:05.322 | INFO     | scrapers.en_official:scrape_series:147 - 处理第 1 页...
2026-02-17 02:13:06.330 | INFO     | scrapers.en_official:scrape_series:151 - 当前页找到 17 张卡片
2026-02-17 02:13:06.333 | INFO     | scrapers.en_official:scrape_series:178 - 英文系列爬取完成，共 17 张卡片
2026-02-17 02:13:06.366 | INFO     | __main__:scrape_all_en_series:145 - 系列 ST-14 保存 17 张卡片
2026-02-17 02:13:08.366 | INFO     | __main__:scrape_all_en_series:120 - 
[36/48] 处理系列: ST-13
2026-02-17 02:13:08.370 | INFO     | __main__:save_en_series:32 - 新增英文系列: ST-13
2026-02-17 02:13:08.371 | INFO     | scrapers.en_official:scrape_series:136 - 爬取英文系列: https://en.onepiece-cardgame.com/cardlist/?series=569013
2026-02-17 02:13:12.755 | INFO     | scrapers.en_official:scrape_series:147 - 处理第 1 页...
2026-02-17 02:13:13.765 | INFO     | scrapers.en_official:scrape_series:151 - 当前页找到 35 张卡片
2026-02-17 02:13:13.769 | INFO     | scrapers.en_official:scrape_series:178 - 英文系列爬取完成，共 35 张卡片
2026-02-17 02:13:13.830 | INFO     | __main__:scrape_all_en_series:145 - 系列 ST-13 保存 35 张卡片
2026-02-17 02:13:15.830 | INFO     | __main__:scrape_all_en_series:120 - 
[37/48] 处理系列: ST-12
2026-02-17 02:13:15.835 | INFO     | __main__:save_en_series:32 - 新增英文系列: ST-12
2026-02-17 02:13:15.836 | INFO     | scrapers.en_official:scrape_series:136 - 爬取英文系列: https://en.onepiece-cardgame.com/cardlist/?series=569012
2026-02-17 02:13:20.312 | INFO     | scrapers.en_official:scrape_series:147 - 处理第 1 页...
2026-02-17 02:13:21.319 | INFO     | scrapers.en_official:scrape_series:151 - 当前页找到 17 张卡片
2026-02-17 02:13:21.322 | INFO     | scrapers.en_official:scrape_series:178 - 英文系列爬取完成，共 17 张卡片
2026-02-17 02:13:21.358 | INFO     | __main__:scrape_all_en_series:145 - 系列 ST-12 保存 17 张卡片
2026-02-17 02:13:23.358 | INFO     | __main__:scrape_all_en_series:120 - 
[38/48] 处理系列: ST-11
2026-02-17 02:13:23.363 | INFO     | __main__:save_en_series:32 - 新增英文系列: ST-11
2026-02-17 02:13:23.364 | INFO     | scrapers.en_official:scrape_series:136 - 爬取英文系列: https://en.onepiece-cardgame.com/cardlist/?series=569011
2026-02-17 02:13:27.804 | INFO     | scrapers.en_official:scrape_series:147 - 处理第 1 页...
2026-02-17 02:13:28.811 | INFO     | scrapers.en_official:scrape_series:151 - 当前页找到 15 张卡片
2026-02-17 02:13:28.814 | INFO     | scrapers.en_official:scrape_series:178 - 英文系列爬取完成，共 15 张卡片
2026-02-17 02:13:28.839 | INFO     | __main__:scrape_all_en_series:145 - 系列 ST-11 保存 15 张卡片
2026-02-17 02:13:30.840 | INFO     | __main__:scrape_all_en_series:120 - 
[39/48] 处理系列: ST-10
2026-02-17 02:13:30.861 | INFO     | __main__:save_en_series:32 - 新增英文系列: ST-10
2026-02-17 02:13:30.862 | INFO     | scrapers.en_official:scrape_series:136 - 爬取英文系列: https://en.onepiece-cardgame.com/cardlist/?series=569010
2026-02-17 02:13:33.586 | INFO     | scrapers.en_official:scrape_series:147 - 处理第 1 页...
2026-02-17 02:13:34.594 | INFO     | scrapers.en_official:scrape_series:151 - 当前页找到 19 张卡片
2026-02-17 02:13:34.597 | INFO     | scrapers.en_official:scrape_series:178 - 英文系列爬取完成，共 19 张卡片
2026-02-17 02:13:34.639 | INFO     | __main__:scrape_all_en_series:145 - 系列 ST-10 保存 19 张卡片
2026-02-17 02:13:36.639 | INFO     | __main__:scrape_all_en_series:120 - 
[40/48] 处理系列: ST-09
2026-02-17 02:13:36.643 | INFO     | __main__:save_en_series:32 - 新增英文系列: ST-09
2026-02-17 02:13:36.644 | INFO     | scrapers.en_official:scrape_series:136 - 爬取英文系列: https://en.onepiece-cardgame.com/cardlist/?series=569009
2026-02-17 02:13:39.369 | INFO     | scrapers.en_official:scrape_series:147 - 处理第 1 页...
2026-02-17 02:13:40.376 | INFO     | scrapers.en_official:scrape_series:151 - 当前页找到 15 张卡片
2026-02-17 02:13:40.379 | INFO     | scrapers.en_official:scrape_series:178 - 英文系列爬取完成，共 15 张卡片
2026-02-17 02:13:40.411 | INFO     | __main__:scrape_all_en_series:145 - 系列 ST-09 保存 15 张卡片
2026-02-17 02:13:42.411 | INFO     | __main__:scrape_all_en_series:120 - 
[41/48] 处理系列: ST-08
2026-02-17 02:13:42.416 | INFO     | __main__:save_en_series:32 - 新增英文系列: ST-08
2026-02-17 02:13:42.417 | INFO     | scrapers.en_official:scrape_series:136 - 爬取英文系列: https://en.onepiece-cardgame.com/cardlist/?series=569008
2026-02-17 02:13:46.871 | INFO     | scrapers.en_official:scrape_series:147 - 处理第 1 页...
2026-02-17 02:13:47.877 | INFO     | scrapers.en_official:scrape_series:151 - 当前页找到 15 张卡片
2026-02-17 02:13:47.881 | INFO     | scrapers.en_official:scrape_series:178 - 英文系列爬取完成，共 15 张卡片
2026-02-17 02:13:47.913 | INFO     | __main__:scrape_all_en_series:145 - 系列 ST-08 保存 15 张卡片
2026-02-17 02:13:49.913 | INFO     | __main__:scrape_all_en_series:120 - 
[42/48] 处理系列: ST-07
2026-02-17 02:13:49.917 | INFO     | __main__:save_en_series:32 - 新增英文系列: ST-07
2026-02-17 02:13:49.919 | INFO     | scrapers.en_official:scrape_series:136 - 爬取英文系列: https://en.onepiece-cardgame.com/cardlist/?series=569007
2026-02-17 02:14:07.846 | INFO     | scrapers.en_official:scrape_series:147 - 处理第 1 页...
2026-02-17 02:14:08.852 | INFO     | scrapers.en_official:scrape_series:151 - 当前页找到 17 张卡片
2026-02-17 02:14:08.856 | INFO     | scrapers.en_official:scrape_series:178 - 英文系列爬取完成，共 17 张卡片
2026-02-17 02:14:08.891 | INFO     | __main__:scrape_all_en_series:145 - 系列 ST-07 保存 17 张卡片
2026-02-17 02:14:10.891 | INFO     | __main__:scrape_all_en_series:120 - 
[43/48] 处理系列: ST-06
2026-02-17 02:14:10.895 | INFO     | __main__:save_en_series:32 - 新增英文系列: ST-06
2026-02-17 02:14:10.896 | INFO     | scrapers.en_official:scrape_series:136 - 爬取英文系列: https://en.onepiece-cardgame.com/cardlist/?series=569006
2026-02-17 02:14:18.331 | INFO     | scrapers.en_official:scrape_series:147 - 处理第 1 页...
2026-02-17 02:14:19.338 | INFO     | scrapers.en_official:scrape_series:151 - 当前页找到 17 张卡片
2026-02-17 02:14:19.342 | INFO     | scrapers.en_official:scrape_series:178 - 英文系列爬取完成，共 17 张卡片
2026-02-17 02:14:19.377 | INFO     | __main__:scrape_all_en_series:145 - 系列 ST-06 保存 17 张卡片
2026-02-17 02:14:21.377 | INFO     | __main__:scrape_all_en_series:120 - 
[44/48] 处理系列: ST-05
2026-02-17 02:14:21.382 | INFO     | __main__:save_en_series:32 - 新增英文系列: ST-05
2026-02-17 02:14:21.383 | INFO     | scrapers.en_official:scrape_series:136 - 爬取英文系列: https://en.onepiece-cardgame.com/cardlist/?series=569005
2026-02-17 02:14:24.125 | INFO     | scrapers.en_official:scrape_series:147 - 处理第 1 页...
2026-02-17 02:14:25.133 | INFO     | scrapers.en_official:scrape_series:151 - 当前页找到 17 张卡片
2026-02-17 02:14:25.136 | INFO     | scrapers.en_official:scrape_series:178 - 英文系列爬取完成，共 17 张卡片
2026-02-17 02:14:25.172 | INFO     | __main__:scrape_all_en_series:145 - 系列 ST-05 保存 17 张卡片
2026-02-17 02:14:27.172 | INFO     | __main__:scrape_all_en_series:120 - 
[45/48] 处理系列: ST-04
2026-02-17 02:14:27.176 | INFO     | __main__:save_en_series:32 - 新增英文系列: ST-04
2026-02-17 02:14:27.177 | INFO     | scrapers.en_official:scrape_series:136 - 爬取英文系列: https://en.onepiece-cardgame.com/cardlist/?series=569004
2026-02-17 02:14:32.012 | INFO     | scrapers.en_official:scrape_series:147 - 处理第 1 页...
2026-02-17 02:14:33.019 | INFO     | scrapers.en_official:scrape_series:151 - 当前页找到 17 张卡片
2026-02-17 02:14:33.022 | INFO     | scrapers.en_official:scrape_series:178 - 英文系列爬取完成，共 17 张卡片
2026-02-17 02:14:33.057 | INFO     | __main__:scrape_all_en_series:145 - 系列 ST-04 保存 17 张卡片
2026-02-17 02:14:35.057 | INFO     | __main__:scrape_all_en_series:120 - 
[46/48] 处理系列: ST-03
2026-02-17 02:14:35.062 | INFO     | __main__:save_en_series:32 - 新增英文系列: ST-03
2026-02-17 02:14:35.063 | INFO     | scrapers.en_official:scrape_series:136 - 爬取英文系列: https://en.onepiece-cardgame.com/cardlist/?series=569003
2026-02-17 02:14:39.729 | INFO     | scrapers.en_official:scrape_series:147 - 处理第 1 页...
2026-02-17 02:14:40.736 | INFO     | scrapers.en_official:scrape_series:151 - 当前页找到 17 张卡片
2026-02-17 02:14:40.739 | INFO     | scrapers.en_official:scrape_series:178 - 英文系列爬取完成，共 17 张卡片
2026-02-17 02:14:40.774 | INFO     | __main__:scrape_all_en_series:145 - 系列 ST-03 保存 17 张卡片
2026-02-17 02:14:42.774 | INFO     | __main__:scrape_all_en_series:120 - 
[47/48] 处理系列: ST-02
2026-02-17 02:14:42.778 | INFO     | __main__:save_en_series:32 - 新增英文系列: ST-02
2026-02-17 02:14:42.779 | INFO     | scrapers.en_official:scrape_series:136 - 爬取英文系列: https://en.onepiece-cardgame.com/cardlist/?series=569002
2026-02-17 02:14:47.267 | INFO     | scrapers.en_official:scrape_series:147 - 处理第 1 页...
2026-02-17 02:14:48.274 | INFO     | scrapers.en_official:scrape_series:151 - 当前页找到 17 张卡片
2026-02-17 02:14:48.277 | INFO     | scrapers.en_official:scrape_series:178 - 英文系列爬取完成，共 17 张卡片
2026-02-17 02:14:48.313 | INFO     | __main__:scrape_all_en_series:145 - 系列 ST-02 保存 17 张卡片
2026-02-17 02:14:50.313 | INFO     | __main__:scrape_all_en_series:120 - 
[48/48] 处理系列: ST-01
2026-02-17 02:14:50.317 | INFO     | __main__:save_en_series:32 - 新增英文系列: ST-01
2026-02-17 02:14:50.318 | INFO     | scrapers.en_official:scrape_series:136 - 爬取英文系列: https://en.onepiece-cardgame.com/cardlist/?series=569001
2026-02-17 02:14:55.167 | INFO     | scrapers.en_official:scrape_series:147 - 处理第 1 页...
2026-02-17 02:14:56.174 | INFO     | scrapers.en_official:scrape_series:151 - 当前页找到 17 张卡片
2026-02-17 02:14:56.177 | INFO     | scrapers.en_official:scrape_series:178 - 英文系列爬取完成，共 17 张卡片
2026-02-17 02:14:56.211 | INFO     | __main__:scrape_all_en_series:145 - 系列 ST-01 保存 17 张卡片
2026-02-17 02:14:58.211 | INFO     | __main__:scrape_all_en_series:154 - 
=== 爬取完成 ===
2026-02-17 02:14:58.212 | INFO     | __main__:scrape_all_en_series:155 - 总计 2741 张卡片
2026-02-17 02:14:58.257 | INFO     | scrapers.en_official:close_browser:85 - 浏览器已关闭 (EN)
