2026-02-15 21:23:05.662 | INFO     | scrapers.jp_official:start_browser:70 - 浏览器已启动
2026-02-15 21:23:05.662 | INFO     | scrapers.jp_official:get_series_list:82 - 获取系列列表...
2026-02-15 21:23:13.816 | INFO     | scrapers.jp_official:get_series_list:120 - 共找到 49 个系列
2026-02-15 21:23:13.872 | INFO     | scrapers.jp_official:close_browser:78 - 浏览器已关闭
2026-02-15 21:23:57.752 | INFO     | scrapers.jp_official:start_browser:70 - 浏览器已启动
2026-02-15 21:23:57.752 | INFO     | scrapers.jp_official:get_series_list:82 - 获取系列列表...
2026-02-15 21:24:11.139 | INFO     | scrapers.jp_official:get_series_list:120 - 共找到 49 个系列
2026-02-15 21:24:11.169 | INFO     | __main__:save_series_to_db:33 - 新增系列: OP-14
2026-02-15 21:24:11.169 | INFO     | scrapers.jp_official:scrape_series:128 - 爬取系列: https://www.onepiece-cardgame.com/cardlist/?series=550114
2026-02-15 21:24:18.849 | INFO     | scrapers.jp_official:scrape_series:140 - 处理第 1 页...
2026-02-15 21:24:19.906 | INFO     | scrapers.jp_official:scrape_series:145 - 当前页找到 156 张卡片
2026-02-15 21:24:19.916 | INFO     | scrapers.jp_official:scrape_series:194 - 系列爬取完成，共 156 张卡片
2026-02-15 21:24:20.193 | INFO     | __main__:scrape_single_series:195 - 系列 OP-14 保存 156 张卡片
2026-02-15 21:24:20.228 | INFO     | scrapers.jp_official:close_browser:78 - 浏览器已关闭
2026-02-15 21:24:29.343 | INFO     | scrapers.jp_official:start_browser:70 - 浏览器已启动
2026-02-15 21:24:29.343 | INFO     | scrapers.jp_official:get_series_list:82 - 获取系列列表...
2026-02-15 21:24:37.282 | INFO     | scrapers.jp_official:get_series_list:120 - 共找到 49 个系列
2026-02-15 21:24:37.282 | INFO     | __main__:scrape_all_series:111 - 共找到 49 个系列
2026-02-15 21:24:37.282 | INFO     | __main__:scrape_all_series:116 - 
[1/49] 处理系列: PRB-02
2026-02-15 21:24:37.315 | INFO     | __main__:save_series_to_db:33 - 新增系列: PRB-02
2026-02-15 21:24:37.320 | INFO     | scrapers.jp_official:scrape_series:128 - 爬取系列: https://www.onepiece-cardgame.com/cardlist/?series=550302
2026-02-15 21:24:40.735 | INFO     | scrapers.jp_official:scrape_series:140 - 处理第 1 页...
2026-02-15 21:24:41.820 | INFO     | scrapers.jp_official:scrape_series:145 - 当前页找到 316 张卡片
2026-02-15 21:24:41.833 | INFO     | scrapers.jp_official:scrape_series:194 - 系列爬取完成，共 316 张卡片
2026-02-15 21:24:42.343 | INFO     | __main__:scrape_all_series:141 - 系列 PRB-02 保存 316 张卡片
2026-02-15 21:24:44.343 | INFO     | __main__:scrape_all_series:116 - 
[2/49] 处理系列: PRB-01
2026-02-15 21:24:44.347 | INFO     | __main__:save_series_to_db:33 - 新增系列: PRB-01
2026-02-15 21:24:44.348 | INFO     | scrapers.jp_official:scrape_series:128 - 爬取系列: https://www.onepiece-cardgame.com/cardlist/?series=550301
2026-02-15 21:24:48.838 | INFO     | scrapers.jp_official:scrape_series:140 - 处理第 1 页...
2026-02-15 21:24:49.897 | INFO     | scrapers.jp_official:scrape_series:145 - 当前页找到 319 张卡片
2026-02-15 21:24:49.909 | INFO     | scrapers.jp_official:scrape_series:194 - 系列爬取完成，共 319 张卡片
2026-02-15 21:24:50.395 | INFO     | __main__:scrape_all_series:141 - 系列 PRB-01 保存 319 张卡片
2026-02-15 21:24:52.396 | INFO     | __main__:scrape_all_series:116 - 
[3/49] 处理系列: EB-04
2026-02-15 21:24:52.400 | INFO     | __main__:save_series_to_db:33 - 新增系列: EB-04
2026-02-15 21:24:52.400 | INFO     | scrapers.jp_official:scrape_series:128 - 爬取系列: https://www.onepiece-cardgame.com/cardlist/?series=550204
2026-02-15 21:24:55.226 | INFO     | scrapers.jp_official:scrape_series:140 - 处理第 1 页...
2026-02-15 21:24:56.245 | INFO     | scrapers.jp_official:scrape_series:145 - 当前页找到 85 张卡片
2026-02-15 21:24:56.251 | INFO     | scrapers.jp_official:scrape_series:194 - 系列爬取完成，共 85 张卡片
2026-02-15 21:24:56.396 | INFO     | __main__:scrape_all_series:141 - 系列 EB-04 保存 85 张卡片
2026-02-15 21:24:58.396 | INFO     | __main__:scrape_all_series:116 - 
[4/49] 处理系列: EB-03
2026-02-15 21:24:58.400 | INFO     | __main__:save_series_to_db:33 - 新增系列: EB-03
2026-02-15 21:24:58.401 | INFO     | scrapers.jp_official:scrape_series:128 - 爬取系列: https://www.onepiece-cardgame.com/cardlist/?series=550203
2026-02-15 21:25:01.252 | INFO     | scrapers.jp_official:scrape_series:140 - 处理第 1 页...
2026-02-15 21:25:02.271 | INFO     | scrapers.jp_official:scrape_series:145 - 当前页找到 90 张卡片
2026-02-15 21:25:02.278 | INFO     | scrapers.jp_official:scrape_series:194 - 系列爬取完成，共 90 张卡片
2026-02-15 21:25:02.434 | INFO     | __main__:scrape_all_series:141 - 系列 EB-03 保存 90 张卡片
2026-02-15 21:25:04.434 | INFO     | __main__:scrape_all_series:116 - 
[5/49] 处理系列: EB-02
2026-02-15 21:25:04.438 | INFO     | __main__:save_series_to_db:33 - 新增系列: EB-02
2026-02-15 21:25:04.439 | INFO     | scrapers.jp_official:scrape_series:128 - 爬取系列: https://www.onepiece-cardgame.com/cardlist/?series=550202
2026-02-15 21:25:07.276 | INFO     | scrapers.jp_official:scrape_series:140 - 处理第 1 页...
2026-02-15 21:25:08.302 | INFO     | scrapers.jp_official:scrape_series:145 - 当前页找到 105 张卡片
2026-02-15 21:25:08.311 | INFO     | scrapers.jp_official:scrape_series:194 - 系列爬取完成，共 105 张卡片
2026-02-15 21:25:08.491 | INFO     | __main__:scrape_all_series:141 - 系列 EB-02 保存 105 张卡片
2026-02-15 21:25:10.491 | INFO     | __main__:scrape_all_series:116 - 
[6/49] 处理系列: EB-01
2026-02-15 21:25:10.495 | INFO     | __main__:save_series_to_db:33 - 新增系列: EB-01
2026-02-15 21:25:10.496 | INFO     | scrapers.jp_official:scrape_series:128 - 爬取系列: https://www.onepiece-cardgame.com/cardlist/?series=550201
2026-02-15 21:25:13.220 | INFO     | scrapers.jp_official:scrape_series:140 - 处理第 1 页...
2026-02-15 21:25:14.239 | INFO     | scrapers.jp_official:scrape_series:145 - 当前页找到 80 张卡片
2026-02-15 21:25:14.245 | INFO     | scrapers.jp_official:scrape_series:194 - 系列爬取完成，共 80 张卡片
2026-02-15 21:25:14.368 | INFO     | __main__:scrape_all_series:141 - 系列 EB-01 保存 80 张卡片
2026-02-15 21:25:16.368 | INFO     | __main__:scrape_all_series:116 - 
[7/49] 处理系列: OP-14
2026-02-15 21:25:16.369 | INFO     | __main__:scrape_all_series:124 - 系列 OP-14 已有 126 张卡片，跳过
2026-02-15 21:25:16.370 | INFO     | __main__:scrape_all_series:116 - 
[8/49] 处理系列: OP-13
2026-02-15 21:25:16.373 | INFO     | __main__:save_series_to_db:33 - 新增系列: OP-13
2026-02-15 21:25:16.374 | INFO     | scrapers.jp_official:scrape_series:128 - 爬取系列: https://www.onepiece-cardgame.com/cardlist/?series=550113
2026-02-15 21:25:19.229 | INFO     | scrapers.jp_official:scrape_series:140 - 处理第 1 页...
2026-02-15 21:25:20.296 | INFO     | scrapers.jp_official:scrape_series:145 - 当前页找到 174 张卡片
2026-02-15 21:25:20.307 | INFO     | scrapers.jp_official:scrape_series:194 - 系列爬取完成，共 174 张卡片
2026-02-15 21:25:20.605 | INFO     | __main__:scrape_all_series:141 - 系列 OP-13 保存 174 张卡片
2026-02-15 21:25:22.605 | INFO     | __main__:scrape_all_series:116 - 
[9/49] 处理系列: OP-12
2026-02-15 21:25:22.609 | INFO     | __main__:save_series_to_db:33 - 新增系列: OP-12
2026-02-15 21:25:22.609 | INFO     | scrapers.jp_official:scrape_series:128 - 爬取系列: https://www.onepiece-cardgame.com/cardlist/?series=550112
2026-02-15 21:25:25.454 | INFO     | scrapers.jp_official:scrape_series:140 - 处理第 1 页...
2026-02-15 21:25:26.483 | INFO     | scrapers.jp_official:scrape_series:145 - 当前页找到 154 张卡片
2026-02-15 21:25:26.491 | INFO     | scrapers.jp_official:scrape_series:194 - 系列爬取完成，共 154 张卡片
2026-02-15 21:25:26.754 | INFO     | __main__:scrape_all_series:141 - 系列 OP-12 保存 154 张卡片
2026-02-15 21:25:28.754 | INFO     | __main__:scrape_all_series:116 - 
[10/49] 处理系列: OP-11
2026-02-15 21:25:28.758 | INFO     | __main__:save_series_to_db:33 - 新增系列: OP-11
2026-02-15 21:25:28.759 | INFO     | scrapers.jp_official:scrape_series:128 - 爬取系列: https://www.onepiece-cardgame.com/cardlist/?series=550111
2026-02-15 21:25:31.616 | INFO     | scrapers.jp_official:scrape_series:140 - 处理第 1 页...
2026-02-15 21:25:32.649 | INFO     | scrapers.jp_official:scrape_series:145 - 当前页找到 155 张卡片
2026-02-15 21:25:32.657 | INFO     | scrapers.jp_official:scrape_series:194 - 系列爬取完成，共 155 张卡片
2026-02-15 21:25:32.942 | INFO     | __main__:scrape_all_series:141 - 系列 OP-11 保存 155 张卡片
2026-02-15 21:25:34.942 | INFO     | __main__:scrape_all_series:116 - 
[11/49] 处理系列: OP-10
2026-02-15 21:25:34.946 | INFO     | __main__:save_series_to_db:33 - 新增系列: OP-10
2026-02-15 21:25:34.947 | INFO     | scrapers.jp_official:scrape_series:128 - 爬取系列: https://www.onepiece-cardgame.com/cardlist/?series=550110
2026-02-15 21:25:39.414 | INFO     | scrapers.jp_official:scrape_series:140 - 处理第 1 页...
2026-02-15 21:25:40.446 | INFO     | scrapers.jp_official:scrape_series:145 - 当前页找到 150 张卡片
2026-02-15 21:25:40.458 | INFO     | scrapers.jp_official:scrape_series:194 - 系列爬取完成，共 150 张卡片
2026-02-15 21:25:40.699 | INFO     | __main__:scrape_all_series:141 - 系列 OP-10 保存 150 张卡片
2026-02-15 21:25:42.699 | INFO     | __main__:scrape_all_series:116 - 
[12/49] 处理系列: OP-09
2026-02-15 21:25:42.703 | INFO     | __main__:save_series_to_db:33 - 新增系列: OP-09
2026-02-15 21:25:42.704 | INFO     | scrapers.jp_official:scrape_series:128 - 爬取系列: https://www.onepiece-cardgame.com/cardlist/?series=550109
2026-02-15 21:25:47.468 | INFO     | scrapers.jp_official:scrape_series:140 - 处理第 1 页...
2026-02-15 21:25:48.517 | INFO     | scrapers.jp_official:scrape_series:145 - 当前页找到 158 张卡片
2026-02-15 21:25:48.527 | INFO     | scrapers.jp_official:scrape_series:194 - 系列爬取完成，共 158 张卡片
2026-02-15 21:25:48.769 | INFO     | __main__:scrape_all_series:141 - 系列 OP-09 保存 158 张卡片
2026-02-15 21:25:50.769 | INFO     | __main__:scrape_all_series:116 - 
[13/49] 处理系列: OP-08
2026-02-15 21:25:50.774 | INFO     | __main__:save_series_to_db:33 - 新增系列: OP-08
2026-02-15 21:25:50.775 | INFO     | scrapers.jp_official:scrape_series:128 - 爬取系列: https://www.onepiece-cardgame.com/cardlist/?series=550108
2026-02-15 21:25:55.480 | INFO     | scrapers.jp_official:scrape_series:140 - 处理第 1 页...
2026-02-15 21:25:56.510 | INFO     | scrapers.jp_official:scrape_series:145 - 当前页找到 150 张卡片
2026-02-15 21:25:56.518 | INFO     | scrapers.jp_official:scrape_series:194 - 系列爬取完成，共 150 张卡片
2026-02-15 21:25:56.759 | INFO     | __main__:scrape_all_series:141 - 系列 OP-08 保存 150 张卡片
2026-02-15 21:25:58.759 | INFO     | __main__:scrape_all_series:116 - 
[14/49] 处理系列: OP-07
2026-02-15 21:25:58.763 | INFO     | __main__:save_series_to_db:33 - 新增系列: OP-07
2026-02-15 21:25:58.764 | INFO     | scrapers.jp_official:scrape_series:128 - 爬取系列: https://www.onepiece-cardgame.com/cardlist/?series=550107
2026-02-15 21:26:01.594 | INFO     | scrapers.jp_official:scrape_series:140 - 处理第 1 页...
2026-02-15 21:26:02.624 | INFO     | scrapers.jp_official:scrape_series:145 - 当前页找到 150 张卡片
2026-02-15 21:26:02.632 | INFO     | scrapers.jp_official:scrape_series:194 - 系列爬取完成，共 150 张卡片
2026-02-15 21:26:02.868 | INFO     | __main__:scrape_all_series:141 - 系列 OP-07 保存 150 张卡片
2026-02-15 21:26:04.868 | INFO     | __main__:scrape_all_series:116 - 
[15/49] 处理系列: OP-06
2026-02-15 21:26:04.872 | INFO     | __main__:save_series_to_db:33 - 新增系列: OP-06
2026-02-15 21:26:04.873 | INFO     | scrapers.jp_official:scrape_series:128 - 爬取系列: https://www.onepiece-cardgame.com/cardlist/?series=550106
2026-02-15 21:26:07.594 | INFO     | scrapers.jp_official:scrape_series:140 - 处理第 1 页...
2026-02-15 21:26:08.622 | INFO     | scrapers.jp_official:scrape_series:145 - 当前页找到 150 张卡片
2026-02-15 21:26:08.631 | INFO     | scrapers.jp_official:scrape_series:194 - 系列爬取完成，共 150 张卡片
2026-02-15 21:26:08.848 | INFO     | __main__:scrape_all_series:141 - 系列 OP-06 保存 150 张卡片
2026-02-15 21:26:10.848 | INFO     | __main__:scrape_all_series:116 - 
[16/49] 处理系列: OP-05
2026-02-15 21:26:10.852 | INFO     | __main__:save_series_to_db:33 - 新增系列: OP-05
2026-02-15 21:26:10.852 | INFO     | scrapers.jp_official:scrape_series:128 - 爬取系列: https://www.onepiece-cardgame.com/cardlist/?series=550105
2026-02-15 21:26:13.575 | INFO     | scrapers.jp_official:scrape_series:140 - 处理第 1 页...
2026-02-15 21:26:14.607 | INFO     | scrapers.jp_official:scrape_series:145 - 当前页找到 154 张卡片
2026-02-15 21:26:14.614 | INFO     | scrapers.jp_official:scrape_series:194 - 系列爬取完成，共 154 张卡片
2026-02-15 21:26:14.841 | INFO     | __main__:scrape_all_series:141 - 系列 OP-05 保存 154 张卡片
2026-02-15 21:26:16.842 | INFO     | __main__:scrape_all_series:116 - 
[17/49] 处理系列: OP-04
2026-02-15 21:26:16.845 | INFO     | __main__:save_series_to_db:33 - 新增系列: OP-04
2026-02-15 21:26:16.846 | INFO     | scrapers.jp_official:scrape_series:128 - 爬取系列: https://www.onepiece-cardgame.com/cardlist/?series=550104
2026-02-15 21:26:19.569 | INFO     | scrapers.jp_official:scrape_series:140 - 处理第 1 页...
2026-02-15 21:26:20.597 | INFO     | scrapers.jp_official:scrape_series:145 - 当前页找到 149 张卡片
2026-02-15 21:26:20.605 | INFO     | scrapers.jp_official:scrape_series:194 - 系列爬取完成，共 149 张卡片
2026-02-15 21:26:20.838 | INFO     | __main__:scrape_all_series:141 - 系列 OP-04 保存 149 张卡片
2026-02-15 21:26:22.838 | INFO     | __main__:scrape_all_series:116 - 
[18/49] 处理系列: OP-03
2026-02-15 21:26:22.842 | INFO     | __main__:save_series_to_db:33 - 新增系列: OP-03
2026-02-15 21:26:22.843 | INFO     | scrapers.jp_official:scrape_series:128 - 爬取系列: https://www.onepiece-cardgame.com/cardlist/?series=550103
2026-02-15 21:26:25.574 | INFO     | scrapers.jp_official:scrape_series:140 - 处理第 1 页...
2026-02-15 21:26:26.604 | INFO     | scrapers.jp_official:scrape_series:145 - 当前页找到 154 张卡片
2026-02-15 21:26:26.615 | INFO     | scrapers.jp_official:scrape_series:194 - 系列爬取完成，共 154 张卡片
2026-02-15 21:26:26.855 | INFO     | __main__:scrape_all_series:141 - 系列 OP-03 保存 154 张卡片
2026-02-15 21:26:28.855 | INFO     | __main__:scrape_all_series:116 - 
[19/49] 处理系列: OP-02
2026-02-15 21:26:28.859 | INFO     | __main__:save_series_to_db:33 - 新增系列: OP-02
2026-02-15 21:26:28.859 | INFO     | scrapers.jp_official:scrape_series:128 - 爬取系列: https://www.onepiece-cardgame.com/cardlist/?series=550102
2026-02-15 21:26:31.698 | INFO     | scrapers.jp_official:scrape_series:140 - 处理第 1 页...
2026-02-15 21:26:32.754 | INFO     | scrapers.jp_official:scrape_series:145 - 当前页找到 154 张卡片
2026-02-15 21:26:32.766 | INFO     | scrapers.jp_official:scrape_series:194 - 系列爬取完成，共 154 张卡片
2026-02-15 21:26:33.020 | INFO     | __main__:scrape_all_series:141 - 系列 OP-02 保存 154 张卡片
2026-02-15 21:26:35.020 | INFO     | __main__:scrape_all_series:116 - 
[20/49] 处理系列: OP-01
2026-02-15 21:26:35.025 | INFO     | __main__:save_series_to_db:33 - 新增系列: OP-01
2026-02-15 21:26:35.026 | INFO     | scrapers.jp_official:scrape_series:128 - 爬取系列: https://www.onepiece-cardgame.com/cardlist/?series=550101
2026-02-15 21:26:37.866 | INFO     | scrapers.jp_official:scrape_series:140 - 处理第 1 页...
2026-02-15 21:26:38.896 | INFO     | scrapers.jp_official:scrape_series:145 - 当前页找到 154 张卡片
2026-02-15 21:26:38.906 | INFO     | scrapers.jp_official:scrape_series:194 - 系列爬取完成，共 154 张卡片
2026-02-15 21:26:39.147 | INFO     | __main__:scrape_all_series:141 - 系列 OP-01 保存 154 张卡片
2026-02-15 21:26:41.147 | INFO     | __main__:scrape_all_series:116 - 
[21/49] 处理系列: ST-29
2026-02-15 21:26:41.151 | INFO     | __main__:save_series_to_db:33 - 新增系列: ST-29
2026-02-15 21:26:41.152 | INFO     | scrapers.jp_official:scrape_series:128 - 爬取系列: https://www.onepiece-cardgame.com/cardlist/?series=550029
2026-02-15 21:26:43.868 | INFO     | scrapers.jp_official:scrape_series:140 - 处理第 1 页...
2026-02-15 21:26:44.877 | INFO     | scrapers.jp_official:scrape_series:145 - 当前页找到 31 张卡片
2026-02-15 21:26:44.883 | INFO     | scrapers.jp_official:scrape_series:194 - 系列爬取完成，共 31 张卡片
2026-02-15 21:26:44.943 | INFO     | __main__:scrape_all_series:141 - 系列 ST-29 保存 31 张卡片
2026-02-15 21:26:46.943 | INFO     | __main__:scrape_all_series:116 - 
[22/49] 处理系列: ST-28
2026-02-15 21:26:46.947 | INFO     | __main__:save_series_to_db:33 - 新增系列: ST-28
2026-02-15 21:26:46.948 | INFO     | scrapers.jp_official:scrape_series:128 - 爬取系列: https://www.onepiece-cardgame.com/cardlist/?series=550028
2026-02-15 21:26:49.772 | INFO     | scrapers.jp_official:scrape_series:140 - 处理第 1 页...
2026-02-15 21:26:50.779 | INFO     | scrapers.jp_official:scrape_series:145 - 当前页找到 15 张卡片
2026-02-15 21:26:50.787 | INFO     | scrapers.jp_official:scrape_series:194 - 系列爬取完成，共 15 张卡片
2026-02-15 21:26:50.812 | INFO     | __main__:scrape_all_series:141 - 系列 ST-28 保存 15 张卡片
2026-02-15 21:26:52.812 | INFO     | __main__:scrape_all_series:116 - 
[23/49] 处理系列: ST-27
2026-02-15 21:26:52.816 | INFO     | __main__:save_series_to_db:33 - 新增系列: ST-27
2026-02-15 21:26:52.817 | INFO     | scrapers.jp_official:scrape_series:128 - 爬取系列: https://www.onepiece-cardgame.com/cardlist/?series=550027
2026-02-15 21:26:55.531 | INFO     | scrapers.jp_official:scrape_series:140 - 处理第 1 页...
2026-02-15 21:26:56.538 | INFO     | scrapers.jp_official:scrape_series:145 - 当前页找到 15 张卡片
2026-02-15 21:26:56.542 | INFO     | scrapers.jp_official:scrape_series:194 - 系列爬取完成，共 15 张卡片
2026-02-15 21:26:56.566 | INFO     | __main__:scrape_all_series:141 - 系列 ST-27 保存 15 张卡片
2026-02-15 21:26:58.566 | INFO     | __main__:scrape_all_series:116 - 
[24/49] 处理系列: ST-26
2026-02-15 21:26:58.571 | INFO     | __main__:save_series_to_db:33 - 新增系列: ST-26
2026-02-15 21:26:58.571 | INFO     | scrapers.jp_official:scrape_series:128 - 爬取系列: https://www.onepiece-cardgame.com/cardlist/?series=550026
2026-02-15 21:27:01.401 | INFO     | scrapers.jp_official:scrape_series:140 - 处理第 1 页...
2026-02-15 21:27:02.408 | INFO     | scrapers.jp_official:scrape_series:145 - 当前页找到 15 张卡片
2026-02-15 21:27:02.414 | INFO     | scrapers.jp_official:scrape_series:194 - 系列爬取完成，共 15 张卡片
2026-02-15 21:27:02.437 | INFO     | __main__:scrape_all_series:141 - 系列 ST-26 保存 15 张卡片
2026-02-15 21:27:04.438 | INFO     | __main__:scrape_all_series:116 - 
[25/49] 处理系列: ST-25
2026-02-15 21:27:04.441 | INFO     | __main__:save_series_to_db:33 - 新增系列: ST-25
2026-02-15 21:27:04.442 | INFO     | scrapers.jp_official:scrape_series:128 - 爬取系列: https://www.onepiece-cardgame.com/cardlist/?series=550025
2026-02-15 21:27:07.274 | INFO     | scrapers.jp_official:scrape_series:140 - 处理第 1 页...
2026-02-15 21:27:08.281 | INFO     | scrapers.jp_official:scrape_series:145 - 当前页找到 15 张卡片
2026-02-15 21:27:08.285 | INFO     | scrapers.jp_official:scrape_series:194 - 系列爬取完成，共 15 张卡片
2026-02-15 21:27:08.310 | INFO     | __main__:scrape_all_series:141 - 系列 ST-25 保存 15 张卡片
2026-02-15 21:27:10.310 | INFO     | __main__:scrape_all_series:116 - 
[26/49] 处理系列: ST-24
2026-02-15 21:27:10.314 | INFO     | __main__:save_series_to_db:33 - 新增系列: ST-24
2026-02-15 21:27:10.315 | INFO     | scrapers.jp_official:scrape_series:128 - 爬取系列: https://www.onepiece-cardgame.com/cardlist/?series=550024
2026-02-15 21:27:13.139 | INFO     | scrapers.jp_official:scrape_series:140 - 处理第 1 页...
2026-02-15 21:27:14.148 | INFO     | scrapers.jp_official:scrape_series:145 - 当前页找到 15 张卡片
2026-02-15 21:27:14.152 | INFO     | scrapers.jp_official:scrape_series:194 - 系列爬取完成，共 15 张卡片
2026-02-15 21:27:14.260 | INFO     | __main__:scrape_all_series:141 - 系列 ST-24 保存 15 张卡片
2026-02-15 21:27:16.260 | INFO     | __main__:scrape_all_series:116 - 
[27/49] 处理系列: ST-23
2026-02-15 21:27:16.264 | INFO     | __main__:save_series_to_db:33 - 新增系列: ST-23
2026-02-15 21:27:16.265 | INFO     | scrapers.jp_official:scrape_series:128 - 爬取系列: https://www.onepiece-cardgame.com/cardlist/?series=550023
2026-02-15 21:27:19.081 | INFO     | scrapers.jp_official:scrape_series:140 - 处理第 1 页...
2026-02-15 21:27:20.089 | INFO     | scrapers.jp_official:scrape_series:145 - 当前页找到 15 张卡片
2026-02-15 21:27:20.092 | INFO     | scrapers.jp_official:scrape_series:194 - 系列爬取完成，共 15 张卡片
2026-02-15 21:27:20.114 | INFO     | __main__:scrape_all_series:141 - 系列 ST-23 保存 15 张卡片
2026-02-15 21:27:22.115 | INFO     | __main__:scrape_all_series:116 - 
[28/49] 处理系列: ST-22
2026-02-15 21:27:22.119 | INFO     | __main__:save_series_to_db:33 - 新增系列: ST-22
2026-02-15 21:27:22.120 | INFO     | scrapers.jp_official:scrape_series:128 - 爬取系列: https://www.onepiece-cardgame.com/cardlist/?series=550022
2026-02-15 21:27:24.946 | INFO     | scrapers.jp_official:scrape_series:140 - 处理第 1 页...
2026-02-15 21:27:25.957 | INFO     | scrapers.jp_official:scrape_series:145 - 当前页找到 31 张卡片
2026-02-15 21:27:25.980 | INFO     | scrapers.jp_official:scrape_series:194 - 系列爬取完成，共 31 张卡片
2026-02-15 21:27:26.036 | INFO     | __main__:scrape_all_series:141 - 系列 ST-22 保存 31 张卡片
2026-02-15 21:27:28.036 | INFO     | __main__:scrape_all_series:116 - 
[29/49] 处理系列: ST-21
2026-02-15 21:27:28.041 | INFO     | __main__:save_series_to_db:33 - 新增系列: ST-21
2026-02-15 21:27:28.041 | INFO     | scrapers.jp_official:scrape_series:128 - 爬取系列: https://www.onepiece-cardgame.com/cardlist/?series=550021
2026-02-15 21:27:30.869 | INFO     | scrapers.jp_official:scrape_series:140 - 处理第 1 页...
2026-02-15 21:27:31.878 | INFO     | scrapers.jp_official:scrape_series:145 - 当前页找到 32 张卡片
2026-02-15 21:27:31.882 | INFO     | scrapers.jp_official:scrape_series:194 - 系列爬取完成，共 32 张卡片
2026-02-15 21:27:31.938 | INFO     | __main__:scrape_all_series:141 - 系列 ST-21 保存 32 张卡片
2026-02-15 21:27:33.939 | INFO     | __main__:scrape_all_series:116 - 
[30/49] 处理系列: ST-20
2026-02-15 21:27:33.943 | INFO     | __main__:save_series_to_db:33 - 新增系列: ST-20
2026-02-15 21:27:33.943 | INFO     | scrapers.jp_official:scrape_series:128 - 爬取系列: https://www.onepiece-cardgame.com/cardlist/?series=550020
2026-02-15 21:27:36.754 | INFO     | scrapers.jp_official:scrape_series:140 - 处理第 1 页...
2026-02-15 21:27:37.762 | INFO     | scrapers.jp_official:scrape_series:145 - 当前页找到 15 张卡片
2026-02-15 21:27:37.765 | INFO     | scrapers.jp_official:scrape_series:194 - 系列爬取完成，共 15 张卡片
2026-02-15 21:27:37.797 | INFO     | __main__:scrape_all_series:141 - 系列 ST-20 保存 15 张卡片
2026-02-15 21:27:39.797 | INFO     | __main__:scrape_all_series:116 - 
[31/49] 处理系列: ST-19
2026-02-15 21:27:39.801 | INFO     | __main__:save_series_to_db:33 - 新增系列: ST-19
2026-02-15 21:27:39.802 | INFO     | scrapers.jp_official:scrape_series:128 - 爬取系列: https://www.onepiece-cardgame.com/cardlist/?series=550019
2026-02-15 21:27:42.616 | INFO     | scrapers.jp_official:scrape_series:140 - 处理第 1 页...
2026-02-15 21:27:43.624 | INFO     | scrapers.jp_official:scrape_series:145 - 当前页找到 15 张卡片
2026-02-15 21:27:43.628 | INFO     | scrapers.jp_official:scrape_series:194 - 系列爬取完成，共 15 张卡片
2026-02-15 21:27:43.653 | INFO     | __main__:scrape_all_series:141 - 系列 ST-19 保存 15 张卡片
2026-02-15 21:27:45.654 | INFO     | __main__:scrape_all_series:116 - 
[32/49] 处理系列: ST-18
2026-02-15 21:27:45.657 | INFO     | __main__:save_series_to_db:33 - 新增系列: ST-18
2026-02-15 21:27:45.658 | INFO     | scrapers.jp_official:scrape_series:128 - 爬取系列: https://www.onepiece-cardgame.com/cardlist/?series=550018
2026-02-15 21:27:48.473 | INFO     | scrapers.jp_official:scrape_series:140 - 处理第 1 页...
2026-02-15 21:27:49.479 | INFO     | scrapers.jp_official:scrape_series:145 - 当前页找到 15 张卡片
2026-02-15 21:27:49.483 | INFO     | scrapers.jp_official:scrape_series:194 - 系列爬取完成，共 15 张卡片
2026-02-15 21:27:49.500 | INFO     | __main__:scrape_all_series:141 - 系列 ST-18 保存 15 张卡片
2026-02-15 21:27:51.500 | INFO     | __main__:scrape_all_series:116 - 
[33/49] 处理系列: ST-17
2026-02-15 21:27:51.510 | INFO     | __main__:save_series_to_db:33 - 新增系列: ST-17
2026-02-15 21:27:51.510 | INFO     | scrapers.jp_official:scrape_series:128 - 爬取系列: https://www.onepiece-cardgame.com/cardlist/?series=550017
2026-02-15 21:27:54.344 | INFO     | scrapers.jp_official:scrape_series:140 - 处理第 1 页...
2026-02-15 21:27:55.351 | INFO     | scrapers.jp_official:scrape_series:145 - 当前页找到 15 张卡片
2026-02-15 21:27:55.354 | INFO     | scrapers.jp_official:scrape_series:194 - 系列爬取完成，共 15 张卡片
2026-02-15 21:27:55.376 | INFO     | __main__:scrape_all_series:141 - 系列 ST-17 保存 15 张卡片
2026-02-15 21:27:57.376 | INFO     | __main__:scrape_all_series:116 - 
[34/49] 处理系列: ST-16
2026-02-15 21:27:57.381 | INFO     | __main__:save_series_to_db:33 - 新增系列: ST-16
2026-02-15 21:27:57.381 | INFO     | scrapers.jp_official:scrape_series:128 - 爬取系列: https://www.onepiece-cardgame.com/cardlist/?series=550016
2026-02-15 21:28:00.203 | INFO     | scrapers.jp_official:scrape_series:140 - 处理第 1 页...
2026-02-15 21:28:01.211 | INFO     | scrapers.jp_official:scrape_series:145 - 当前页找到 15 张卡片
2026-02-15 21:28:01.218 | INFO     | scrapers.jp_official:scrape_series:194 - 系列爬取完成，共 15 张卡片
2026-02-15 21:28:01.247 | INFO     | __main__:scrape_all_series:141 - 系列 ST-16 保存 15 张卡片
2026-02-15 21:28:03.248 | INFO     | __main__:scrape_all_series:116 - 
[35/49] 处理系列: ST-15
2026-02-15 21:28:03.251 | INFO     | __main__:save_series_to_db:33 - 新增系列: ST-15
2026-02-15 21:28:03.252 | INFO     | scrapers.jp_official:scrape_series:128 - 爬取系列: https://www.onepiece-cardgame.com/cardlist/?series=550015
2026-02-15 21:28:05.962 | INFO     | scrapers.jp_official:scrape_series:140 - 处理第 1 页...
2026-02-15 21:28:06.969 | INFO     | scrapers.jp_official:scrape_series:145 - 当前页找到 15 张卡片
2026-02-15 21:28:06.973 | INFO     | scrapers.jp_official:scrape_series:194 - 系列爬取完成，共 15 张卡片
2026-02-15 21:28:06.994 | INFO     | __main__:scrape_all_series:141 - 系列 ST-15 保存 15 张卡片
2026-02-15 21:28:08.994 | INFO     | __main__:scrape_all_series:116 - 
[36/49] 处理系列: ST-14
2026-02-15 21:28:08.997 | INFO     | __main__:save_series_to_db:33 - 新增系列: ST-14
2026-02-15 21:28:08.998 | INFO     | scrapers.jp_official:scrape_series:128 - 爬取系列: https://www.onepiece-cardgame.com/cardlist/?series=550014
2026-02-15 21:28:11.822 | INFO     | scrapers.jp_official:scrape_series:140 - 处理第 1 页...
2026-02-15 21:28:12.831 | INFO     | scrapers.jp_official:scrape_series:145 - 当前页找到 17 张卡片
2026-02-15 21:28:12.836 | INFO     | scrapers.jp_official:scrape_series:194 - 系列爬取完成，共 17 张卡片
2026-02-15 21:28:12.865 | INFO     | __main__:scrape_all_series:141 - 系列 ST-14 保存 17 张卡片
2026-02-15 21:28:14.865 | INFO     | __main__:scrape_all_series:116 - 
[37/49] 处理系列: ST-13
2026-02-15 21:28:14.869 | INFO     | __main__:save_series_to_db:33 - 新增系列: ST-13
2026-02-15 21:28:14.870 | INFO     | scrapers.jp_official:scrape_series:128 - 爬取系列: https://www.onepiece-cardgame.com/cardlist/?series=550013
2026-02-15 21:28:17.692 | INFO     | scrapers.jp_official:scrape_series:140 - 处理第 1 页...
2026-02-15 21:28:18.735 | INFO     | scrapers.jp_official:scrape_series:145 - 当前页找到 35 张卡片
2026-02-15 21:28:18.741 | INFO     | scrapers.jp_official:scrape_series:194 - 系列爬取完成，共 35 张卡片
2026-02-15 21:28:18.792 | INFO     | __main__:scrape_all_series:141 - 系列 ST-13 保存 35 张卡片
2026-02-15 21:28:20.801 | INFO     | __main__:scrape_all_series:116 - 
[38/49] 处理系列: ST-12
2026-02-15 21:28:20.890 | INFO     | __main__:save_series_to_db:33 - 新增系列: ST-12
2026-02-15 21:28:20.891 | INFO     | scrapers.jp_official:scrape_series:128 - 爬取系列: https://www.onepiece-cardgame.com/cardlist/?series=550012
2026-02-15 21:28:23.761 | INFO     | scrapers.jp_official:scrape_series:140 - 处理第 1 页...
2026-02-15 21:28:24.769 | INFO     | scrapers.jp_official:scrape_series:145 - 当前页找到 17 张卡片
2026-02-15 21:28:24.774 | INFO     | scrapers.jp_official:scrape_series:194 - 系列爬取完成，共 17 张卡片
2026-02-15 21:28:24.806 | INFO     | __main__:scrape_all_series:141 - 系列 ST-12 保存 17 张卡片
2026-02-15 21:28:26.806 | INFO     | __main__:scrape_all_series:116 - 
[39/49] 处理系列: ST-11
2026-02-15 21:28:26.811 | INFO     | __main__:save_series_to_db:33 - 新增系列: ST-11
2026-02-15 21:28:26.812 | INFO     | scrapers.jp_official:scrape_series:128 - 爬取系列: https://www.onepiece-cardgame.com/cardlist/?series=550011
2026-02-15 21:28:29.625 | INFO     | scrapers.jp_official:scrape_series:140 - 处理第 1 页...
2026-02-15 21:28:30.632 | INFO     | scrapers.jp_official:scrape_series:145 - 当前页找到 15 张卡片
2026-02-15 21:28:30.636 | INFO     | scrapers.jp_official:scrape_series:194 - 系列爬取完成，共 15 张卡片
2026-02-15 21:28:30.655 | INFO     | __main__:scrape_all_series:141 - 系列 ST-11 保存 15 张卡片
2026-02-15 21:28:32.656 | INFO     | __main__:scrape_all_series:116 - 
[40/49] 处理系列: ST-10
2026-02-15 21:28:32.660 | INFO     | __main__:save_series_to_db:33 - 新增系列: ST-10
2026-02-15 21:28:32.661 | INFO     | scrapers.jp_official:scrape_series:128 - 爬取系列: https://www.onepiece-cardgame.com/cardlist/?series=550010
2026-02-15 21:28:35.472 | INFO     | scrapers.jp_official:scrape_series:140 - 处理第 1 页...
2026-02-15 21:28:36.481 | INFO     | scrapers.jp_official:scrape_series:145 - 当前页找到 19 张卡片
2026-02-15 21:28:36.486 | INFO     | scrapers.jp_official:scrape_series:194 - 系列爬取完成，共 19 张卡片
2026-02-15 21:28:36.590 | INFO     | __main__:scrape_all_series:141 - 系列 ST-10 保存 19 张卡片
2026-02-15 21:28:38.590 | INFO     | __main__:scrape_all_series:116 - 
[41/49] 处理系列: ST-09
2026-02-15 21:28:38.595 | INFO     | __main__:save_series_to_db:33 - 新增系列: ST-09
2026-02-15 21:28:38.595 | INFO     | scrapers.jp_official:scrape_series:128 - 爬取系列: https://www.onepiece-cardgame.com/cardlist/?series=550009
2026-02-15 21:28:41.410 | INFO     | scrapers.jp_official:scrape_series:140 - 处理第 1 页...
2026-02-15 21:28:42.417 | INFO     | scrapers.jp_official:scrape_series:145 - 当前页找到 15 张卡片
2026-02-15 21:28:42.422 | INFO     | scrapers.jp_official:scrape_series:194 - 系列爬取完成，共 15 张卡片
2026-02-15 21:28:42.452 | INFO     | __main__:scrape_all_series:141 - 系列 ST-09 保存 15 张卡片
2026-02-15 21:28:44.453 | INFO     | __main__:scrape_all_series:116 - 
[42/49] 处理系列: ST-08
2026-02-15 21:28:44.457 | INFO     | __main__:save_series_to_db:33 - 新增系列: ST-08
2026-02-15 21:28:44.458 | INFO     | scrapers.jp_official:scrape_series:128 - 爬取系列: https://www.onepiece-cardgame.com/cardlist/?series=550008
2026-02-15 21:28:47.285 | INFO     | scrapers.jp_official:scrape_series:140 - 处理第 1 页...
2026-02-15 21:28:48.293 | INFO     | scrapers.jp_official:scrape_series:145 - 当前页找到 15 张卡片
2026-02-15 21:28:48.297 | INFO     | scrapers.jp_official:scrape_series:194 - 系列爬取完成，共 15 张卡片
2026-02-15 21:28:48.329 | INFO     | __main__:scrape_all_series:141 - 系列 ST-08 保存 15 张卡片
2026-02-15 21:28:50.329 | INFO     | __main__:scrape_all_series:116 - 
[43/49] 处理系列: ST-07
2026-02-15 21:28:50.333 | INFO     | __main__:save_series_to_db:33 - 新增系列: ST-07
2026-02-15 21:28:50.334 | INFO     | scrapers.jp_official:scrape_series:128 - 爬取系列: https://www.onepiece-cardgame.com/cardlist/?series=550007
2026-02-15 21:28:53.149 | INFO     | scrapers.jp_official:scrape_series:140 - 处理第 1 页...
2026-02-15 21:28:54.156 | INFO     | scrapers.jp_official:scrape_series:145 - 当前页找到 17 张卡片
2026-02-15 21:28:54.161 | INFO     | scrapers.jp_official:scrape_series:194 - 系列爬取完成，共 17 张卡片
2026-02-15 21:28:54.194 | INFO     | __main__:scrape_all_series:141 - 系列 ST-07 保存 17 张卡片
2026-02-15 21:28:56.194 | INFO     | __main__:scrape_all_series:116 - 
[44/49] 处理系列: ST-06
2026-02-15 21:28:56.198 | INFO     | __main__:save_series_to_db:33 - 新增系列: ST-06
2026-02-15 21:28:56.199 | INFO     | scrapers.jp_official:scrape_series:128 - 爬取系列: https://www.onepiece-cardgame.com/cardlist/?series=550006
2026-02-15 21:28:59.012 | INFO     | scrapers.jp_official:scrape_series:140 - 处理第 1 页...
2026-02-15 21:29:00.019 | INFO     | scrapers.jp_official:scrape_series:145 - 当前页找到 17 张卡片
2026-02-15 21:29:00.024 | INFO     | scrapers.jp_official:scrape_series:194 - 系列爬取完成，共 17 张卡片
2026-02-15 21:29:00.055 | INFO     | __main__:scrape_all_series:141 - 系列 ST-06 保存 17 张卡片
2026-02-15 21:29:02.055 | INFO     | __main__:scrape_all_series:116 - 
[45/49] 处理系列: ST-05
2026-02-15 21:29:02.059 | INFO     | __main__:save_series_to_db:33 - 新增系列: ST-05
2026-02-15 21:29:02.060 | INFO     | scrapers.jp_official:scrape_series:128 - 爬取系列: https://www.onepiece-cardgame.com/cardlist/?series=550005
2026-02-15 21:29:04.887 | INFO     | scrapers.jp_official:scrape_series:140 - 处理第 1 页...
2026-02-15 21:29:05.894 | INFO     | scrapers.jp_official:scrape_series:145 - 当前页找到 17 张卡片
2026-02-15 21:29:05.898 | INFO     | scrapers.jp_official:scrape_series:194 - 系列爬取完成，共 17 张卡片
2026-02-15 21:29:05.933 | INFO     | __main__:scrape_all_series:141 - 系列 ST-05 保存 17 张卡片
2026-02-15 21:29:07.933 | INFO     | __main__:scrape_all_series:116 - 
[46/49] 处理系列: ST-04
2026-02-15 21:29:07.937 | INFO     | __main__:save_series_to_db:33 - 新增系列: ST-04
2026-02-15 21:29:07.938 | INFO     | scrapers.jp_official:scrape_series:128 - 爬取系列: https://www.onepiece-cardgame.com/cardlist/?series=550004
2026-02-15 21:29:10.755 | INFO     | scrapers.jp_official:scrape_series:140 - 处理第 1 页...
2026-02-15 21:29:11.764 | INFO     | scrapers.jp_official:scrape_series:145 - 当前页找到 17 张卡片
2026-02-15 21:29:11.769 | INFO     | scrapers.jp_official:scrape_series:194 - 系列爬取完成，共 17 张卡片
2026-02-15 21:29:11.804 | INFO     | __main__:scrape_all_series:141 - 系列 ST-04 保存 17 张卡片
2026-02-15 21:29:13.804 | INFO     | __main__:scrape_all_series:116 - 
[47/49] 处理系列: ST-03
2026-02-15 21:29:13.808 | INFO     | __main__:save_series_to_db:33 - 新增系列: ST-03
2026-02-15 21:29:13.808 | INFO     | scrapers.jp_official:scrape_series:128 - 爬取系列: https://www.onepiece-cardgame.com/cardlist/?series=550003
2026-02-15 21:29:16.621 | INFO     | scrapers.jp_official:scrape_series:140 - 处理第 1 页...
2026-02-15 21:29:17.629 | INFO     | scrapers.jp_official:scrape_series:145 - 当前页找到 17 张卡片
2026-02-15 21:29:17.633 | INFO     | scrapers.jp_official:scrape_series:194 - 系列爬取完成，共 17 张卡片
2026-02-15 21:29:17.665 | INFO     | __main__:scrape_all_series:141 - 系列 ST-03 保存 17 张卡片
2026-02-15 21:29:19.665 | INFO     | __main__:scrape_all_series:116 - 
[48/49] 处理系列: ST-02
2026-02-15 21:29:19.669 | INFO     | __main__:save_series_to_db:33 - 新增系列: ST-02
2026-02-15 21:29:19.670 | INFO     | scrapers.jp_official:scrape_series:128 - 爬取系列: https://www.onepiece-cardgame.com/cardlist/?series=550002
2026-02-15 21:29:22.483 | INFO     | scrapers.jp_official:scrape_series:140 - 处理第 1 页...
2026-02-15 21:29:23.491 | INFO     | scrapers.jp_official:scrape_series:145 - 当前页找到 17 张卡片
2026-02-15 21:29:23.494 | INFO     | scrapers.jp_official:scrape_series:194 - 系列爬取完成，共 17 张卡片
2026-02-15 21:29:23.528 | INFO     | __main__:scrape_all_series:141 - 系列 ST-02 保存 17 张卡片
2026-02-15 21:29:25.537 | INFO     | __main__:scrape_all_series:116 - 
[49/49] 处理系列: ST-01
2026-02-15 21:29:25.596 | INFO     | __main__:save_series_to_db:33 - 新增系列: ST-01
2026-02-15 21:29:25.597 | INFO     | scrapers.jp_official:scrape_series:128 - 爬取系列: https://www.onepiece-cardgame.com/cardlist/?series=550001
2026-02-15 21:29:28.462 | INFO     | scrapers.jp_official:scrape_series:140 - 处理第 1 页...
2026-02-15 21:29:29.470 | INFO     | scrapers.jp_official:scrape_series:145 - 当前页找到 17 张卡片
2026-02-15 21:29:29.474 | INFO     | scrapers.jp_official:scrape_series:194 - 系列爬取完成，共 17 张卡片
2026-02-15 21:29:29.505 | INFO     | __main__:scrape_all_series:141 - 系列 ST-01 保存 17 张卡片
2026-02-15 21:29:31.505 | INFO     | __main__:scrape_all_series:151 - 
=== 爬取完成 ===
2026-02-15 21:29:31.506 | INFO     | __main__:scrape_all_series:152 - 总计 3653 张卡片
2026-02-15 21:29:31.564 | INFO     | scrapers.jp_official:close_browser:78 - 浏览器已关闭
