2026-02-15 22:47:31.408 | INFO     | scrapers.en_official:start_browser:77 - 浏览器已启动 (EN)
2026-02-15 22:47:31.408 | INFO     | scrapers.en_official:get_series_list:89 - 获取英文系列列表...
2026-02-15 22:47:38.893 | INFO     | scrapers.en_official:get_series_list:130 - 共找到 48 个英文系列
2026-02-15 22:47:38.893 | INFO     | __main__:scrape_all_en_series:98 - 共找到 48 个英文系列
2026-02-15 22:47:38.893 | INFO     | __main__:scrape_all_en_series:104 - 
[1/48] 处理英文系列: PRB-02
2026-02-15 22:47:38.893 | INFO     | scrapers.en_official:scrape_series:136 - 爬取英文系列: https://en.onepiece-cardgame.com/cardlist/?series=569302
2026-02-15 22:47:46.378 | INFO     | scrapers.en_official:scrape_series:147 - 处理第 1 页...
2026-02-15 22:47:47.454 | INFO     | scrapers.en_official:scrape_series:151 - 当前页找到 316 张卡片
2026-02-15 22:47:47.470 | INFO     | scrapers.en_official:scrape_series:178 - 英文系列爬取完成，共 316 张卡片
2026-02-15 22:47:47.883 | INFO     | __main__:scrape_all_en_series:118 - 系列 PRB-02: 新增 173, 更新 143
2026-02-15 22:47:49.883 | INFO     | __main__:scrape_all_en_series:104 - 
[2/48] 处理英文系列: PRB-01
2026-02-15 22:47:49.883 | INFO     | scrapers.en_official:scrape_series:136 - 爬取英文系列: https://en.onepiece-cardgame.com/cardlist/?series=569301
2026-02-15 22:47:54.466 | INFO     | scrapers.en_official:scrape_series:147 - 处理第 1 页...
2026-02-15 22:47:55.519 | INFO     | scrapers.en_official:scrape_series:151 - 当前页找到 319 张卡片
2026-02-15 22:47:55.533 | INFO     | scrapers.en_official:scrape_series:178 - 英文系列爬取完成，共 319 张卡片
2026-02-15 22:47:55.861 | INFO     | __main__:scrape_all_en_series:118 - 系列 PRB-01: 新增 108, 更新 211
2026-02-15 22:47:57.861 | INFO     | __main__:scrape_all_en_series:104 - 
[3/48] 处理英文系列: EB-03
2026-02-15 22:47:57.861 | INFO     | scrapers.en_official:scrape_series:136 - 爬取英文系列: https://en.onepiece-cardgame.com/cardlist/?series=569203
2026-02-15 22:48:23.303 | INFO     | scrapers.en_official:start_browser:77 - 浏览器已启动 (EN)
2026-02-15 22:48:23.303 | INFO     | scrapers.en_official:get_series_list:89 - 获取英文系列列表...
2026-02-15 22:48:32.223 | INFO     | scrapers.en_official:get_series_list:130 - 共找到 48 个英文系列
2026-02-15 22:48:32.223 | INFO     | __main__:scrape_all_en_series:98 - 共找到 48 个英文系列
2026-02-15 22:48:32.223 | INFO     | __main__:scrape_all_en_series:104 - 
[1/48] 处理英文系列: PRB-02
2026-02-15 22:48:32.223 | INFO     | scrapers.en_official:scrape_series:136 - 爬取英文系列: https://en.onepiece-cardgame.com/cardlist/?series=569302
2026-02-15 22:48:40.143 | INFO     | scrapers.en_official:scrape_series:147 - 处理第 1 页...
2026-02-15 22:48:41.208 | INFO     | scrapers.en_official:scrape_series:151 - 当前页找到 316 张卡片
2026-02-15 22:48:41.224 | INFO     | scrapers.en_official:scrape_series:178 - 英文系列爬取完成，共 316 张卡片
2026-02-15 22:48:41.495 | INFO     | __main__:scrape_all_en_series:118 - 系列 PRB-02: 新增 0, 更新 316
2026-02-15 22:48:43.495 | INFO     | __main__:scrape_all_en_series:104 - 
[2/48] 处理英文系列: PRB-01
2026-02-15 22:48:43.495 | INFO     | scrapers.en_official:scrape_series:136 - 爬取英文系列: https://en.onepiece-cardgame.com/cardlist/?series=569301
2026-02-15 22:48:48.279 | INFO     | scrapers.en_official:scrape_series:147 - 处理第 1 页...
2026-02-15 22:48:49.334 | INFO     | scrapers.en_official:scrape_series:151 - 当前页找到 319 张卡片
2026-02-15 22:48:49.349 | INFO     | scrapers.en_official:scrape_series:178 - 英文系列爬取完成，共 319 张卡片
2026-02-15 22:48:49.595 | INFO     | __main__:scrape_all_en_series:118 - 系列 PRB-01: 新增 0, 更新 319
2026-02-15 22:48:51.595 | INFO     | __main__:scrape_all_en_series:104 - 
[3/48] 处理英文系列: EB-03
2026-02-15 22:48:51.595 | INFO     | scrapers.en_official:scrape_series:136 - 爬取英文系列: https://en.onepiece-cardgame.com/cardlist/?series=569203
2026-02-15 22:48:56.165 | INFO     | scrapers.en_official:scrape_series:147 - 处理第 1 页...
2026-02-15 22:48:57.184 | INFO     | scrapers.en_official:scrape_series:151 - 当前页找到 90 张卡片
2026-02-15 22:48:57.190 | INFO     | scrapers.en_official:scrape_series:178 - 英文系列爬取完成，共 90 张卡片
2026-02-15 22:48:57.312 | INFO     | __main__:scrape_all_en_series:118 - 系列 EB-03: 新增 62, 更新 28
2026-02-15 22:48:59.312 | INFO     | __main__:scrape_all_en_series:104 - 
[4/48] 处理英文系列: EB-02
2026-02-15 22:48:59.312 | INFO     | scrapers.en_official:scrape_series:136 - 爬取英文系列: https://en.onepiece-cardgame.com/cardlist/?series=569202
2026-02-15 22:49:03.843 | INFO     | scrapers.en_official:scrape_series:147 - 处理第 1 页...
2026-02-15 22:49:04.866 | INFO     | scrapers.en_official:scrape_series:151 - 当前页找到 105 张卡片
2026-02-15 22:49:04.872 | INFO     | scrapers.en_official:scrape_series:178 - 英文系列爬取完成，共 105 张卡片
2026-02-15 22:49:05.022 | INFO     | __main__:scrape_all_en_series:118 - 系列 EB-02: 新增 86, 更新 19
2026-02-15 22:49:07.022 | INFO     | __main__:scrape_all_en_series:104 - 
[5/48] 处理英文系列: EB-01
2026-02-15 22:49:07.022 | INFO     | scrapers.en_official:scrape_series:136 - 爬取英文系列: https://en.onepiece-cardgame.com/cardlist/?series=569201
2026-02-15 22:49:11.525 | INFO     | scrapers.en_official:scrape_series:147 - 处理第 1 页...
2026-02-15 22:49:12.542 | INFO     | scrapers.en_official:scrape_series:151 - 当前页找到 80 张卡片
2026-02-15 22:49:12.549 | INFO     | scrapers.en_official:scrape_series:178 - 英文系列爬取完成，共 80 张卡片
2026-02-15 22:49:12.650 | INFO     | __main__:scrape_all_en_series:118 - 系列 EB-01: 新增 46, 更新 34
2026-02-15 22:49:14.651 | INFO     | __main__:scrape_all_en_series:104 - 
[6/48] 处理英文系列: OP14-EB04
2026-02-15 22:49:14.651 | INFO     | scrapers.en_official:scrape_series:136 - 爬取英文系列: https://en.onepiece-cardgame.com/cardlist/?series=569114
2026-02-15 22:49:18.724 | INFO     | scrapers.en_official:scrape_series:147 - 处理第 1 页...
2026-02-15 22:49:19.767 | INFO     | scrapers.en_official:scrape_series:151 - 当前页找到 199 张卡片
2026-02-15 22:49:19.780 | INFO     | scrapers.en_official:scrape_series:178 - 英文系列爬取完成，共 199 张卡片
2026-02-15 22:49:20.067 | INFO     | __main__:scrape_all_en_series:118 - 系列 OP14-EB04: 新增 157, 更新 42
2026-02-15 22:49:22.067 | INFO     | __main__:scrape_all_en_series:104 - 
[7/48] 处理英文系列: OP-13
2026-02-15 22:49:22.067 | INFO     | scrapers.en_official:scrape_series:136 - 爬取英文系列: https://en.onepiece-cardgame.com/cardlist/?series=569113
