2026-02-15 22:47:31.408 | INFO     | scrapers.en_official:start_browser:77 - 浏览器已启动 (EN)
2026-02-15 22:47:31.408 | INFO     | scrapers.en_official:get_series_list:89 - 获取英文系列列表...
2026-02-15 22:47:38.893 | INFO     | scrapers.en_official:get_series_list:130 - 共找到 48 个英文系列
2026-02-15 22:47:38.893 | INFO     | __main__:scrape_all_en_series:98 - 共找到 48 个英文系列
2026-02-15 22:47:38.893 | INFO     | __main__:scrape_all_en_series:104 - 
[1/48] 处理英文系列: PRB-02
2026-02-15 22:47:38.893 | INFO     | scrapers.en_official:scrape_series:136 - 爬取英文系列: https://en.onepiece-cardgame.com/cardlist/?series=569302
2026-02-15 22:47:46.378 | INFO     | scrapers.en_official:scrape_series:147 - 处理第 1 页...
2026-02-15 22:47:47.454 | INFO     | scrapers.en_official:scrape_series:151 - 当前页找到 316 张卡片
2026-02-15 22:47:47.470 | INFO     | scrapers.en_official:scrape_series:178 - 英文系列爬取完成，共 316 张卡片
2026-02-15 22:47:47.883 | INFO     | __main__:scrape_all_en_series:118 - 系列 PRB-02: 新增 173, 更新 143
2026-02-15 22:47:49.883 | INFO     | __main__:scrape_all_en_series:104 - 
[2/48] 处理英文系列: PRB-01
2026-02-15 22:47:49.883 | INFO     | scrapers.en_official:scrape_series:136 - 爬取英文系列: https://en.onepiece-cardgame.com/cardlist/?series=569301
2026-02-15 22:47:54.466 | INFO     | scrapers.en_official:scrape_series:147 - 处理第 1 页...
2026-02-15 22:47:55.519 | INFO     | scrapers.en_official:scrape_series:151 - 当前页找到 319 张卡片
2026-02-15 22:47:55.533 | INFO     | scrapers.en_official:scrape_series:178 - 英文系列爬取完成，共 319 张卡片
2026-02-15 22:47:55.861 | INFO     | __main__:scrape_all_en_series:118 - 系列 PRB-01: 新增 108, 更新 211
2026-02-15 22:47:57.861 | INFO     | __main__:scrape_all_en_series:104 - 
[3/48] 处理英文系列: EB-03
2026-02-15 22:47:57.861 | INFO     | scrapers.en_official:scrape_series:136 - 爬取英文系列: https://en.onepiece-cardgame.com/cardlist/?series=569203
